The system is: Darwin - 18.7.0 - x86_64
Compiling the C compiler identification source file "CMakeCCompilerId.c" succeeded.
Compiler: /Library/Developer/CommandLineTools/usr/bin/cc 
Build flags: 
Id flags:  

The output was:
0


Compilation of the C compiler identification source "CMakeCCompilerId.c" produced "a.out"

The C compiler identification is AppleClang, found in "/Users/ry/head_first_c_playground/blasteroids/allegro-5.2.5.0/CMakeFiles/3.15.2/CompilerIdC/a.out"

Compiling the CXX compiler identification source file "CMakeCXXCompilerId.cpp" succeeded.
Compiler: /Library/Developer/CommandLineTools/usr/bin/c++ 
Build flags: 
Id flags:  

The output was:
0


Compilation of the CXX compiler identification source "CMakeCXXCompilerId.cpp" produced "a.out"

The CXX compiler identification is AppleClang, found in "/Users/ry/head_first_c_playground/blasteroids/allegro-5.2.5.0/CMakeFiles/3.15.2/CompilerIdCXX/a.out"

Determining if the C compiler works passed with the following output:
Change Dir: /Users/ry/head_first_c_playground/blasteroids/allegro-5.2.5.0/CMakeFiles/CMakeTmp

Run Build Command(s):/usr/bin/make cmTC_abea2/fast && /Library/Developer/CommandLineTools/usr/bin/make -f CMakeFiles/cmTC_abea2.dir/build.make CMakeFiles/cmTC_abea2.dir/build
Building C object CMakeFiles/cmTC_abea2.dir/testCCompiler.c.o
/Library/Developer/CommandLineTools/usr/bin/cc   -isysroot /Library/Developer/CommandLineTools/SDKs/MacOSX10.14.sdk   -o CMakeFiles/cmTC_abea2.dir/testCCompiler.c.o   -c /Users/ry/head_first_c_playground/blasteroids/allegro-5.2.5.0/CMakeFiles/CMakeTmp/testCCompiler.c
Linking C executable cmTC_abea2
/usr/local/Cellar/cmake/3.15.2/bin/cmake -E cmake_link_script CMakeFiles/cmTC_abea2.dir/link.txt --verbose=1
/Library/Developer/CommandLineTools/usr/bin/cc   -isysroot /Library/Developer/CommandLineTools/SDKs/MacOSX10.14.sdk -Wl,-search_paths_first -Wl,-headerpad_max_install_names   CMakeFiles/cmTC_abea2.dir/testCCompiler.c.o  -o cmTC_abea2 



Detecting C compiler ABI info compiled with the following output:
Change Dir: /Users/ry/head_first_c_playground/blasteroids/allegro-5.2.5.0/CMakeFiles/CMakeTmp

Run Build Command(s):/usr/bin/make cmTC_a2b43/fast && /Library/Developer/CommandLineTools/usr/bin/make -f CMakeFiles/cmTC_a2b43.dir/build.make CMakeFiles/cmTC_a2b43.dir/build
Building C object CMakeFiles/cmTC_a2b43.dir/CMakeCCompilerABI.c.o
/Library/Developer/CommandLineTools/usr/bin/cc   -isysroot /Library/Developer/CommandLineTools/SDKs/MacOSX10.14.sdk   -v -Wl,-v -o CMakeFiles/cmTC_a2b43.dir/CMakeCCompilerABI.c.o   -c /usr/local/Cellar/cmake/3.15.2/share/cmake/Modules/CMakeCCompilerABI.c
Apple LLVM version 10.0.1 (clang-1001.0.46.4)
Target: x86_64-apple-darwin18.7.0
Thread model: posix
InstalledDir: /Library/Developer/CommandLineTools/usr/bin
clang: warning: -Wl,-v: 'linker' input unused [-Wunused-command-line-argument]
 "/Library/Developer/CommandLineTools/usr/bin/clang" -cc1 -triple x86_64-apple-macosx10.14.0 -Wdeprecated-objc-isa-usage -Werror=deprecated-objc-isa-usage -emit-obj -mrelax-all -disable-free -disable-llvm-verifier -discard-value-names -main-file-name CMakeCCompilerABI.c -mrelocation-model pic -pic-level 2 -mthread-model posix -mdisable-fp-elim -fno-strict-return -masm-verbose -munwind-tables -target-sdk-version=10.14 -target-cpu penryn -dwarf-column-info -debugger-tuning=lldb -target-linker-version 450.3 -v -coverage-notes-file /Users/ry/head_first_c_playground/blasteroids/allegro-5.2.5.0/CMakeFiles/CMakeTmp/CMakeFiles/cmTC_a2b43.dir/CMakeCCompilerABI.c.gcno -resource-dir /Library/Developer/CommandLineTools/usr/lib/clang/10.0.1 -isysroot /Library/Developer/CommandLineTools/SDKs/MacOSX10.14.sdk -Wno-atomic-implicit-seq-cst -Wno-framework-include-private-from-public -Wno-atimport-in-framework-header -Wno-quoted-include-in-framework-header -fdebug-compilation-dir /Users/ry/head_first_c_playground/blasteroids/allegro-5.2.5.0/CMakeFiles/CMakeTmp -ferror-limit 19 -fmessage-length 0 -stack-protector 1 -fblocks -fencode-extended-block-signature -fregister-global-dtors-with-atexit -fobjc-runtime=macosx-10.14.0 -fmax-type-align=16 -fdiagnostics-show-option -o CMakeFiles/cmTC_a2b43.dir/CMakeCCompilerABI.c.o -x c /usr/local/Cellar/cmake/3.15.2/share/cmake/Modules/CMakeCCompilerABI.c
clang -cc1 version 10.0.1 (clang-1001.0.46.4) default target x86_64-apple-darwin18.7.0
ignoring nonexistent directory "/Library/Developer/CommandLineTools/SDKs/MacOSX10.14.sdk/usr/local/include"
ignoring nonexistent directory "/Library/Developer/CommandLineTools/SDKs/MacOSX10.14.sdk/Library/Frameworks"
#include "..." search starts here:
#include <...> search starts here:
 /Library/Developer/CommandLineTools/usr/lib/clang/10.0.1/include
 /Library/Developer/CommandLineTools/usr/include
 /Library/Developer/CommandLineTools/SDKs/MacOSX10.14.sdk/usr/include
 /Library/Developer/CommandLineTools/SDKs/MacOSX10.14.sdk/System/Library/Frameworks (framework directory)
End of search list.
Linking C executable cmTC_a2b43
/usr/local/Cellar/cmake/3.15.2/bin/cmake -E cmake_link_script CMakeFiles/cmTC_a2b43.dir/link.txt --verbose=1
/Library/Developer/CommandLineTools/usr/bin/cc   -isysroot /Library/Developer/CommandLineTools/SDKs/MacOSX10.14.sdk -Wl,-search_paths_first -Wl,-headerpad_max_install_names  -v -Wl,-v CMakeFiles/cmTC_a2b43.dir/CMakeCCompilerABI.c.o  -o cmTC_a2b43 
Apple LLVM version 10.0.1 (clang-1001.0.46.4)
Target: x86_64-apple-darwin18.7.0
Thread model: posix
InstalledDir: /Library/Developer/CommandLineTools/usr/bin
 "/Library/Developer/CommandLineTools/usr/bin/ld" -demangle -lto_library /Library/Developer/CommandLineTools/usr/lib/libLTO.dylib -dynamic -arch x86_64 -macosx_version_min 10.14.0 -syslibroot /Library/Developer/CommandLineTools/SDKs/MacOSX10.14.sdk -o cmTC_a2b43 -search_paths_first -headerpad_max_install_names -v CMakeFiles/cmTC_a2b43.dir/CMakeCCompilerABI.c.o -lSystem /Library/Developer/CommandLineTools/usr/lib/clang/10.0.1/lib/darwin/libclang_rt.osx.a
@(#)PROGRAM:ld  PROJECT:ld64-450.3
BUILD 18:16:53 Apr  5 2019
configured to support archs: armv6 armv7 armv7s arm64 arm64e arm64_32 i386 x86_64 x86_64h armv6m armv7k armv7m armv7em
Library search paths:
	/Library/Developer/CommandLineTools/SDKs/MacOSX10.14.sdk/usr/lib
Framework search paths:
	/Library/Developer/CommandLineTools/SDKs/MacOSX10.14.sdk/System/Library/Frameworks/



Parsed C implicit include dir info from above output: rv=done
  found start of include info
  found start of implicit include info
    add: [/Library/Developer/CommandLineTools/usr/lib/clang/10.0.1/include]
    add: [/Library/Developer/CommandLineTools/usr/include]
    add: [/Library/Developer/CommandLineTools/SDKs/MacOSX10.14.sdk/usr/include]
  end of search list found
  collapse include dir [/Library/Developer/CommandLineTools/usr/lib/clang/10.0.1/include] ==> [/Library/Developer/CommandLineTools/usr/lib/clang/10.0.1/include]
  collapse include dir [/Library/Developer/CommandLineTools/usr/include] ==> [/Library/Developer/CommandLineTools/usr/include]
  collapse include dir [/Library/Developer/CommandLineTools/SDKs/MacOSX10.14.sdk/usr/include] ==> [/Library/Developer/CommandLineTools/SDKs/MacOSX10.14.sdk/usr/include]
  implicit include dirs: [/Library/Developer/CommandLineTools/usr/lib/clang/10.0.1/include;/Library/Developer/CommandLineTools/usr/include;/Library/Developer/CommandLineTools/SDKs/MacOSX10.14.sdk/usr/include]


Parsed C implicit link information from above output:
  link line regex: [^( *|.*[/\])(ld|CMAKE_LINK_STARTFILE-NOTFOUND|([^/\]+-)?ld|collect2)[^/\]*( |$)]
  ignore line: [Change Dir: /Users/ry/head_first_c_playground/blasteroids/allegro-5.2.5.0/CMakeFiles/CMakeTmp]
  ignore line: []
  ignore line: [Run Build Command(s):/usr/bin/make cmTC_a2b43/fast && /Library/Developer/CommandLineTools/usr/bin/make -f CMakeFiles/cmTC_a2b43.dir/build.make CMakeFiles/cmTC_a2b43.dir/build]
  ignore line: [Building C object CMakeFiles/cmTC_a2b43.dir/CMakeCCompilerABI.c.o]
  ignore line: [/Library/Developer/CommandLineTools/usr/bin/cc   -isysroot /Library/Developer/CommandLineTools/SDKs/MacOSX10.14.sdk   -v -Wl,-v -o CMakeFiles/cmTC_a2b43.dir/CMakeCCompilerABI.c.o   -c /usr/local/Cellar/cmake/3.15.2/share/cmake/Modules/CMakeCCompilerABI.c]
  ignore line: [Apple LLVM version 10.0.1 (clang-1001.0.46.4)]
  ignore line: [Target: x86_64-apple-darwin18.7.0]
  ignore line: [Thread model: posix]
  ignore line: [InstalledDir: /Library/Developer/CommandLineTools/usr/bin]
  ignore line: [clang: warning: -Wl,-v: 'linker' input unused [-Wunused-command-line-argument]]
  ignore line: [ "/Library/Developer/CommandLineTools/usr/bin/clang" -cc1 -triple x86_64-apple-macosx10.14.0 -Wdeprecated-objc-isa-usage -Werror=deprecated-objc-isa-usage -emit-obj -mrelax-all -disable-free -disable-llvm-verifier -discard-value-names -main-file-name CMakeCCompilerABI.c -mrelocation-model pic -pic-level 2 -mthread-model posix -mdisable-fp-elim -fno-strict-return -masm-verbose -munwind-tables -target-sdk-version=10.14 -target-cpu penryn -dwarf-column-info -debugger-tuning=lldb -target-linker-version 450.3 -v -coverage-notes-file /Users/ry/head_first_c_playground/blasteroids/allegro-5.2.5.0/CMakeFiles/CMakeTmp/CMakeFiles/cmTC_a2b43.dir/CMakeCCompilerABI.c.gcno -resource-dir /Library/Developer/CommandLineTools/usr/lib/clang/10.0.1 -isysroot /Library/Developer/CommandLineTools/SDKs/MacOSX10.14.sdk -Wno-atomic-implicit-seq-cst -Wno-framework-include-private-from-public -Wno-atimport-in-framework-header -Wno-quoted-include-in-framework-header -fdebug-compilation-dir /Users/ry/head_first_c_playground/blasteroids/allegro-5.2.5.0/CMakeFiles/CMakeTmp -ferror-limit 19 -fmessage-length 0 -stack-protector 1 -fblocks -fencode-extended-block-signature -fregister-global-dtors-with-atexit -fobjc-runtime=macosx-10.14.0 -fmax-type-align=16 -fdiagnostics-show-option -o CMakeFiles/cmTC_a2b43.dir/CMakeCCompilerABI.c.o -x c /usr/local/Cellar/cmake/3.15.2/share/cmake/Modules/CMakeCCompilerABI.c]
  ignore line: [clang -cc1 version 10.0.1 (clang-1001.0.46.4) default target x86_64-apple-darwin18.7.0]
  ignore line: [ignoring nonexistent directory "/Library/Developer/CommandLineTools/SDKs/MacOSX10.14.sdk/usr/local/include"]
  ignore line: [ignoring nonexistent directory "/Library/Developer/CommandLineTools/SDKs/MacOSX10.14.sdk/Library/Frameworks"]
  ignore line: [#include "..." search starts here:]
  ignore line: [#include <...> search starts here:]
  ignore line: [ /Library/Developer/CommandLineTools/usr/lib/clang/10.0.1/include]
  ignore line: [ /Library/Developer/CommandLineTools/usr/include]
  ignore line: [ /Library/Developer/CommandLineTools/SDKs/MacOSX10.14.sdk/usr/include]
  ignore line: [ /Library/Developer/CommandLineTools/SDKs/MacOSX10.14.sdk/System/Library/Frameworks (framework directory)]
  ignore line: [End of search list.]
  ignore line: [Linking C executable cmTC_a2b43]
  ignore line: [/usr/local/Cellar/cmake/3.15.2/bin/cmake -E cmake_link_script CMakeFiles/cmTC_a2b43.dir/link.txt --verbose=1]
  ignore line: [/Library/Developer/CommandLineTools/usr/bin/cc   -isysroot /Library/Developer/CommandLineTools/SDKs/MacOSX10.14.sdk -Wl,-search_paths_first -Wl,-headerpad_max_install_names  -v -Wl,-v CMakeFiles/cmTC_a2b43.dir/CMakeCCompilerABI.c.o  -o cmTC_a2b43 ]
  ignore line: [Apple LLVM version 10.0.1 (clang-1001.0.46.4)]
  ignore line: [Target: x86_64-apple-darwin18.7.0]
  ignore line: [Thread model: posix]
  ignore line: [InstalledDir: /Library/Developer/CommandLineTools/usr/bin]
  link line: [ "/Library/Developer/CommandLineTools/usr/bin/ld" -demangle -lto_library /Library/Developer/CommandLineTools/usr/lib/libLTO.dylib -dynamic -arch x86_64 -macosx_version_min 10.14.0 -syslibroot /Library/Developer/CommandLineTools/SDKs/MacOSX10.14.sdk -o cmTC_a2b43 -search_paths_first -headerpad_max_install_names -v CMakeFiles/cmTC_a2b43.dir/CMakeCCompilerABI.c.o -lSystem /Library/Developer/CommandLineTools/usr/lib/clang/10.0.1/lib/darwin/libclang_rt.osx.a]
    arg [/Library/Developer/CommandLineTools/usr/bin/ld] ==> ignore
    arg [-demangle] ==> ignore
    arg [-lto_library] ==> ignore, skip following value
    arg [/Library/Developer/CommandLineTools/usr/lib/libLTO.dylib] ==> skip value of -lto_library
    arg [-dynamic] ==> ignore
    arg [-arch] ==> ignore
    arg [x86_64] ==> ignore
    arg [-macosx_version_min] ==> ignore
    arg [10.14.0] ==> ignore
    arg [-syslibroot] ==> ignore
    arg [/Library/Developer/CommandLineTools/SDKs/MacOSX10.14.sdk] ==> ignore
    arg [-o] ==> ignore
    arg [cmTC_a2b43] ==> ignore
    arg [-search_paths_first] ==> ignore
    arg [-headerpad_max_install_names] ==> ignore
    arg [-v] ==> ignore
    arg [CMakeFiles/cmTC_a2b43.dir/CMakeCCompilerABI.c.o] ==> ignore
    arg [-lSystem] ==> lib [System]
    arg [/Library/Developer/CommandLineTools/usr/lib/clang/10.0.1/lib/darwin/libclang_rt.osx.a] ==> lib [/Library/Developer/CommandLineTools/usr/lib/clang/10.0.1/lib/darwin/libclang_rt.osx.a]
  Library search paths: [;/Library/Developer/CommandLineTools/SDKs/MacOSX10.14.sdk/usr/lib]
  Framework search paths: [;/Library/Developer/CommandLineTools/SDKs/MacOSX10.14.sdk/System/Library/Frameworks/]
  remove lib [System]
  remove lib [/Library/Developer/CommandLineTools/usr/lib/clang/10.0.1/lib/darwin/libclang_rt.osx.a]
  collapse library dir [/Library/Developer/CommandLineTools/SDKs/MacOSX10.14.sdk/usr/lib] ==> [/Library/Developer/CommandLineTools/SDKs/MacOSX10.14.sdk/usr/lib]
  collapse framework dir [/Library/Developer/CommandLineTools/SDKs/MacOSX10.14.sdk/System/Library/Frameworks/] ==> [/Library/Developer/CommandLineTools/SDKs/MacOSX10.14.sdk/System/Library/Frameworks]
  implicit libs: []
  implicit dirs: [/Library/Developer/CommandLineTools/SDKs/MacOSX10.14.sdk/usr/lib]
  implicit fwks: [/Library/Developer/CommandLineTools/SDKs/MacOSX10.14.sdk/System/Library/Frameworks]


Determining if the CXX compiler works passed with the following output:
Change Dir: /Users/ry/head_first_c_playground/blasteroids/allegro-5.2.5.0/CMakeFiles/CMakeTmp

Run Build Command(s):/usr/bin/make cmTC_2c0ce/fast && /Library/Developer/CommandLineTools/usr/bin/make -f CMakeFiles/cmTC_2c0ce.dir/build.make CMakeFiles/cmTC_2c0ce.dir/build
Building CXX object CMakeFiles/cmTC_2c0ce.dir/testCXXCompiler.cxx.o
/Library/Developer/CommandLineTools/usr/bin/c++    -isysroot /Library/Developer/CommandLineTools/SDKs/MacOSX10.14.sdk   -o CMakeFiles/cmTC_2c0ce.dir/testCXXCompiler.cxx.o -c /Users/ry/head_first_c_playground/blasteroids/allegro-5.2.5.0/CMakeFiles/CMakeTmp/testCXXCompiler.cxx
Linking CXX executable cmTC_2c0ce
/usr/local/Cellar/cmake/3.15.2/bin/cmake -E cmake_link_script CMakeFiles/cmTC_2c0ce.dir/link.txt --verbose=1
/Library/Developer/CommandLineTools/usr/bin/c++    -isysroot /Library/Developer/CommandLineTools/SDKs/MacOSX10.14.sdk -Wl,-search_paths_first -Wl,-headerpad_max_install_names   CMakeFiles/cmTC_2c0ce.dir/testCXXCompiler.cxx.o  -o cmTC_2c0ce 



Detecting CXX compiler ABI info compiled with the following output:
Change Dir: /Users/ry/head_first_c_playground/blasteroids/allegro-5.2.5.0/CMakeFiles/CMakeTmp

Run Build Command(s):/usr/bin/make cmTC_0f204/fast && /Library/Developer/CommandLineTools/usr/bin/make -f CMakeFiles/cmTC_0f204.dir/build.make CMakeFiles/cmTC_0f204.dir/build
Building CXX object CMakeFiles/cmTC_0f204.dir/CMakeCXXCompilerABI.cpp.o
/Library/Developer/CommandLineTools/usr/bin/c++    -isysroot /Library/Developer/CommandLineTools/SDKs/MacOSX10.14.sdk   -v -Wl,-v -o CMakeFiles/cmTC_0f204.dir/CMakeCXXCompilerABI.cpp.o -c /usr/local/Cellar/cmake/3.15.2/share/cmake/Modules/CMakeCXXCompilerABI.cpp
Apple LLVM version 10.0.1 (clang-1001.0.46.4)
Target: x86_64-apple-darwin18.7.0
Thread model: posix
InstalledDir: /Library/Developer/CommandLineTools/usr/bin
clang: warning: -Wl,-v: 'linker' input unused [-Wunused-command-line-argument]
 "/Library/Developer/CommandLineTools/usr/bin/clang" -cc1 -triple x86_64-apple-macosx10.14.0 -Wdeprecated-objc-isa-usage -Werror=deprecated-objc-isa-usage -emit-obj -mrelax-all -disable-free -disable-llvm-verifier -discard-value-names -main-file-name CMakeCXXCompilerABI.cpp -mrelocation-model pic -pic-level 2 -mthread-model posix -mdisable-fp-elim -fno-strict-return -masm-verbose -munwind-tables -target-sdk-version=10.14 -target-cpu penryn -dwarf-column-info -debugger-tuning=lldb -target-linker-version 450.3 -v -coverage-notes-file /Users/ry/head_first_c_playground/blasteroids/allegro-5.2.5.0/CMakeFiles/CMakeTmp/CMakeFiles/cmTC_0f204.dir/CMakeCXXCompilerABI.cpp.gcno -resource-dir /Library/Developer/CommandLineTools/usr/lib/clang/10.0.1 -isysroot /Library/Developer/CommandLineTools/SDKs/MacOSX10.14.sdk -stdlib=libc++ -Wno-atomic-implicit-seq-cst -Wno-framework-include-private-from-public -Wno-atimport-in-framework-header -Wno-quoted-include-in-framework-header -fdeprecated-macro -fdebug-compilation-dir /Users/ry/head_first_c_playground/blasteroids/allegro-5.2.5.0/CMakeFiles/CMakeTmp -ferror-limit 19 -fmessage-length 0 -stack-protector 1 -fblocks -fencode-extended-block-signature -fregister-global-dtors-with-atexit -fobjc-runtime=macosx-10.14.0 -fcxx-exceptions -fexceptions -fmax-type-align=16 -fdiagnostics-show-option -o CMakeFiles/cmTC_0f204.dir/CMakeCXXCompilerABI.cpp.o -x c++ /usr/local/Cellar/cmake/3.15.2/share/cmake/Modules/CMakeCXXCompilerABI.cpp
clang -cc1 version 10.0.1 (clang-1001.0.46.4) default target x86_64-apple-darwin18.7.0
ignoring nonexistent directory "/Library/Developer/CommandLineTools/SDKs/MacOSX10.14.sdk/usr/include/c++/v1"
ignoring nonexistent directory "/Library/Developer/CommandLineTools/SDKs/MacOSX10.14.sdk/usr/local/include"
ignoring nonexistent directory "/Library/Developer/CommandLineTools/SDKs/MacOSX10.14.sdk/Library/Frameworks"
#include "..." search starts here:
#include <...> search starts here:
 /Library/Developer/CommandLineTools/usr/include/c++/v1
 /Library/Developer/CommandLineTools/usr/lib/clang/10.0.1/include
 /Library/Developer/CommandLineTools/usr/include
 /Library/Developer/CommandLineTools/SDKs/MacOSX10.14.sdk/usr/include
 /Library/Developer/CommandLineTools/SDKs/MacOSX10.14.sdk/System/Library/Frameworks (framework directory)
End of search list.
Linking CXX executable cmTC_0f204
/usr/local/Cellar/cmake/3.15.2/bin/cmake -E cmake_link_script CMakeFiles/cmTC_0f204.dir/link.txt --verbose=1
/Library/Developer/CommandLineTools/usr/bin/c++    -isysroot /Library/Developer/CommandLineTools/SDKs/MacOSX10.14.sdk -Wl,-search_paths_first -Wl,-headerpad_max_install_names  -v -Wl,-v CMakeFiles/cmTC_0f204.dir/CMakeCXXCompilerABI.cpp.o  -o cmTC_0f204 
Apple LLVM version 10.0.1 (clang-1001.0.46.4)
Target: x86_64-apple-darwin18.7.0
Thread model: posix
InstalledDir: /Library/Developer/CommandLineTools/usr/bin
 "/Library/Developer/CommandLineTools/usr/bin/ld" -demangle -lto_library /Library/Developer/CommandLineTools/usr/lib/libLTO.dylib -dynamic -arch x86_64 -macosx_version_min 10.14.0 -syslibroot /Library/Developer/CommandLineTools/SDKs/MacOSX10.14.sdk -o cmTC_0f204 -search_paths_first -headerpad_max_install_names -v CMakeFiles/cmTC_0f204.dir/CMakeCXXCompilerABI.cpp.o -lc++ -lSystem /Library/Developer/CommandLineTools/usr/lib/clang/10.0.1/lib/darwin/libclang_rt.osx.a
@(#)PROGRAM:ld  PROJECT:ld64-450.3
BUILD 18:16:53 Apr  5 2019
configured to support archs: armv6 armv7 armv7s arm64 arm64e arm64_32 i386 x86_64 x86_64h armv6m armv7k armv7m armv7em
Library search paths:
	/Library/Developer/CommandLineTools/SDKs/MacOSX10.14.sdk/usr/lib
Framework search paths:
	/Library/Developer/CommandLineTools/SDKs/MacOSX10.14.sdk/System/Library/Frameworks/



Parsed CXX implicit include dir info from above output: rv=done
  found start of include info
  found start of implicit include info
    add: [/Library/Developer/CommandLineTools/usr/include/c++/v1]
    add: [/Library/Developer/CommandLineTools/usr/lib/clang/10.0.1/include]
    add: [/Library/Developer/CommandLineTools/usr/include]
    add: [/Library/Developer/CommandLineTools/SDKs/MacOSX10.14.sdk/usr/include]
  end of search list found
  collapse include dir [/Library/Developer/CommandLineTools/usr/include/c++/v1] ==> [/Library/Developer/CommandLineTools/usr/include/c++/v1]
  collapse include dir [/Library/Developer/CommandLineTools/usr/lib/clang/10.0.1/include] ==> [/Library/Developer/CommandLineTools/usr/lib/clang/10.0.1/include]
  collapse include dir [/Library/Developer/CommandLineTools/usr/include] ==> [/Library/Developer/CommandLineTools/usr/include]
  collapse include dir [/Library/Developer/CommandLineTools/SDKs/MacOSX10.14.sdk/usr/include] ==> [/Library/Developer/CommandLineTools/SDKs/MacOSX10.14.sdk/usr/include]
  implicit include dirs: [/Library/Developer/CommandLineTools/usr/include/c++/v1;/Library/Developer/CommandLineTools/usr/lib/clang/10.0.1/include;/Library/Developer/CommandLineTools/usr/include;/Library/Developer/CommandLineTools/SDKs/MacOSX10.14.sdk/usr/include]


Parsed CXX implicit link information from above output:
  link line regex: [^( *|.*[/\])(ld|CMAKE_LINK_STARTFILE-NOTFOUND|([^/\]+-)?ld|collect2)[^/\]*( |$)]
  ignore line: [Change Dir: /Users/ry/head_first_c_playground/blasteroids/allegro-5.2.5.0/CMakeFiles/CMakeTmp]
  ignore line: []
  ignore line: [Run Build Command(s):/usr/bin/make cmTC_0f204/fast && /Library/Developer/CommandLineTools/usr/bin/make -f CMakeFiles/cmTC_0f204.dir/build.make CMakeFiles/cmTC_0f204.dir/build]
  ignore line: [Building CXX object CMakeFiles/cmTC_0f204.dir/CMakeCXXCompilerABI.cpp.o]
  ignore line: [/Library/Developer/CommandLineTools/usr/bin/c++    -isysroot /Library/Developer/CommandLineTools/SDKs/MacOSX10.14.sdk   -v -Wl,-v -o CMakeFiles/cmTC_0f204.dir/CMakeCXXCompilerABI.cpp.o -c /usr/local/Cellar/cmake/3.15.2/share/cmake/Modules/CMakeCXXCompilerABI.cpp]
  ignore line: [Apple LLVM version 10.0.1 (clang-1001.0.46.4)]
  ignore line: [Target: x86_64-apple-darwin18.7.0]
  ignore line: [Thread model: posix]
  ignore line: [InstalledDir: /Library/Developer/CommandLineTools/usr/bin]
  ignore line: [clang: warning: -Wl,-v: 'linker' input unused [-Wunused-command-line-argument]]
  ignore line: [ "/Library/Developer/CommandLineTools/usr/bin/clang" -cc1 -triple x86_64-apple-macosx10.14.0 -Wdeprecated-objc-isa-usage -Werror=deprecated-objc-isa-usage -emit-obj -mrelax-all -disable-free -disable-llvm-verifier -discard-value-names -main-file-name CMakeCXXCompilerABI.cpp -mrelocation-model pic -pic-level 2 -mthread-model posix -mdisable-fp-elim -fno-strict-return -masm-verbose -munwind-tables -target-sdk-version=10.14 -target-cpu penryn -dwarf-column-info -debugger-tuning=lldb -target-linker-version 450.3 -v -coverage-notes-file /Users/ry/head_first_c_playground/blasteroids/allegro-5.2.5.0/CMakeFiles/CMakeTmp/CMakeFiles/cmTC_0f204.dir/CMakeCXXCompilerABI.cpp.gcno -resource-dir /Library/Developer/CommandLineTools/usr/lib/clang/10.0.1 -isysroot /Library/Developer/CommandLineTools/SDKs/MacOSX10.14.sdk -stdlib=libc++ -Wno-atomic-implicit-seq-cst -Wno-framework-include-private-from-public -Wno-atimport-in-framework-header -Wno-quoted-include-in-framework-header -fdeprecated-macro -fdebug-compilation-dir /Users/ry/head_first_c_playground/blasteroids/allegro-5.2.5.0/CMakeFiles/CMakeTmp -ferror-limit 19 -fmessage-length 0 -stack-protector 1 -fblocks -fencode-extended-block-signature -fregister-global-dtors-with-atexit -fobjc-runtime=macosx-10.14.0 -fcxx-exceptions -fexceptions -fmax-type-align=16 -fdiagnostics-show-option -o CMakeFiles/cmTC_0f204.dir/CMakeCXXCompilerABI.cpp.o -x c++ /usr/local/Cellar/cmake/3.15.2/share/cmake/Modules/CMakeCXXCompilerABI.cpp]
  ignore line: [clang -cc1 version 10.0.1 (clang-1001.0.46.4) default target x86_64-apple-darwin18.7.0]
  ignore line: [ignoring nonexistent directory "/Library/Developer/CommandLineTools/SDKs/MacOSX10.14.sdk/usr/include/c++/v1"]
  ignore line: [ignoring nonexistent directory "/Library/Developer/CommandLineTools/SDKs/MacOSX10.14.sdk/usr/local/include"]
  ignore line: [ignoring nonexistent directory "/Library/Developer/CommandLineTools/SDKs/MacOSX10.14.sdk/Library/Frameworks"]
  ignore line: [#include "..." search starts here:]
  ignore line: [#include <...> search starts here:]
  ignore line: [ /Library/Developer/CommandLineTools/usr/include/c++/v1]
  ignore line: [ /Library/Developer/CommandLineTools/usr/lib/clang/10.0.1/include]
  ignore line: [ /Library/Developer/CommandLineTools/usr/include]
  ignore line: [ /Library/Developer/CommandLineTools/SDKs/MacOSX10.14.sdk/usr/include]
  ignore line: [ /Library/Developer/CommandLineTools/SDKs/MacOSX10.14.sdk/System/Library/Frameworks (framework directory)]
  ignore line: [End of search list.]
  ignore line: [Linking CXX executable cmTC_0f204]
  ignore line: [/usr/local/Cellar/cmake/3.15.2/bin/cmake -E cmake_link_script CMakeFiles/cmTC_0f204.dir/link.txt --verbose=1]
  ignore line: [/Library/Developer/CommandLineTools/usr/bin/c++    -isysroot /Library/Developer/CommandLineTools/SDKs/MacOSX10.14.sdk -Wl,-search_paths_first -Wl,-headerpad_max_install_names  -v -Wl,-v CMakeFiles/cmTC_0f204.dir/CMakeCXXCompilerABI.cpp.o  -o cmTC_0f204 ]
  ignore line: [Apple LLVM version 10.0.1 (clang-1001.0.46.4)]
  ignore line: [Target: x86_64-apple-darwin18.7.0]
  ignore line: [Thread model: posix]
  ignore line: [InstalledDir: /Library/Developer/CommandLineTools/usr/bin]
  link line: [ "/Library/Developer/CommandLineTools/usr/bin/ld" -demangle -lto_library /Library/Developer/CommandLineTools/usr/lib/libLTO.dylib -dynamic -arch x86_64 -macosx_version_min 10.14.0 -syslibroot /Library/Developer/CommandLineTools/SDKs/MacOSX10.14.sdk -o cmTC_0f204 -search_paths_first -headerpad_max_install_names -v CMakeFiles/cmTC_0f204.dir/CMakeCXXCompilerABI.cpp.o -lc++ -lSystem /Library/Developer/CommandLineTools/usr/lib/clang/10.0.1/lib/darwin/libclang_rt.osx.a]
    arg [/Library/Developer/CommandLineTools/usr/bin/ld] ==> ignore
    arg [-demangle] ==> ignore
    arg [-lto_library] ==> ignore, skip following value
    arg [/Library/Developer/CommandLineTools/usr/lib/libLTO.dylib] ==> skip value of -lto_library
    arg [-dynamic] ==> ignore
    arg [-arch] ==> ignore
    arg [x86_64] ==> ignore
    arg [-macosx_version_min] ==> ignore
    arg [10.14.0] ==> ignore
    arg [-syslibroot] ==> ignore
    arg [/Library/Developer/CommandLineTools/SDKs/MacOSX10.14.sdk] ==> ignore
    arg [-o] ==> ignore
    arg [cmTC_0f204] ==> ignore
    arg [-search_paths_first] ==> ignore
    arg [-headerpad_max_install_names] ==> ignore
    arg [-v] ==> ignore
    arg [CMakeFiles/cmTC_0f204.dir/CMakeCXXCompilerABI.cpp.o] ==> ignore
    arg [-lc++] ==> lib [c++]
    arg [-lSystem] ==> lib [System]
    arg [/Library/Developer/CommandLineTools/usr/lib/clang/10.0.1/lib/darwin/libclang_rt.osx.a] ==> lib [/Library/Developer/CommandLineTools/usr/lib/clang/10.0.1/lib/darwin/libclang_rt.osx.a]
  Library search paths: [;/Library/Developer/CommandLineTools/SDKs/MacOSX10.14.sdk/usr/lib]
  Framework search paths: [;/Library/Developer/CommandLineTools/SDKs/MacOSX10.14.sdk/System/Library/Frameworks/]
  remove lib [System]
  remove lib [/Library/Developer/CommandLineTools/usr/lib/clang/10.0.1/lib/darwin/libclang_rt.osx.a]
  collapse library dir [/Library/Developer/CommandLineTools/SDKs/MacOSX10.14.sdk/usr/lib] ==> [/Library/Developer/CommandLineTools/SDKs/MacOSX10.14.sdk/usr/lib]
  collapse framework dir [/Library/Developer/CommandLineTools/SDKs/MacOSX10.14.sdk/System/Library/Frameworks/] ==> [/Library/Developer/CommandLineTools/SDKs/MacOSX10.14.sdk/System/Library/Frameworks]
  implicit libs: [c++]
  implicit dirs: [/Library/Developer/CommandLineTools/SDKs/MacOSX10.14.sdk/usr/lib]
  implicit fwks: [/Library/Developer/CommandLineTools/SDKs/MacOSX10.14.sdk/System/Library/Frameworks]


Determining if the include file sys/types.h exists passed with the following output:
Change Dir: /Users/ry/head_first_c_playground/blasteroids/allegro-5.2.5.0/CMakeFiles/CMakeTmp

Run Build Command(s):/usr/bin/make cmTC_0f2ce/fast && /Library/Developer/CommandLineTools/usr/bin/make -f CMakeFiles/cmTC_0f2ce.dir/build.make CMakeFiles/cmTC_0f2ce.dir/build
Building C object CMakeFiles/cmTC_0f2ce.dir/CheckIncludeFile.c.o
/Library/Developer/CommandLineTools/usr/bin/cc   -fno-common -msse -W -Wall -Wpointer-arith -Wmissing-declarations -Wstrict-prototypes  -isysroot /Library/Developer/CommandLineTools/SDKs/MacOSX10.14.sdk   -o CMakeFiles/cmTC_0f2ce.dir/CheckIncludeFile.c.o   -c /Users/ry/head_first_c_playground/blasteroids/allegro-5.2.5.0/CMakeFiles/CMakeTmp/CheckIncludeFile.c
Linking C executable cmTC_0f2ce
/usr/local/Cellar/cmake/3.15.2/bin/cmake -E cmake_link_script CMakeFiles/cmTC_0f2ce.dir/link.txt --verbose=1
/Library/Developer/CommandLineTools/usr/bin/cc  -fno-common -msse -W -Wall -Wpointer-arith -Wmissing-declarations -Wstrict-prototypes  -isysroot /Library/Developer/CommandLineTools/SDKs/MacOSX10.14.sdk -Wl,-search_paths_first -Wl,-headerpad_max_install_names   CMakeFiles/cmTC_0f2ce.dir/CheckIncludeFile.c.o  -o cmTC_0f2ce 



Determining if the include file stdint.h exists passed with the following output:
Change Dir: /Users/ry/head_first_c_playground/blasteroids/allegro-5.2.5.0/CMakeFiles/CMakeTmp

Run Build Command(s):/usr/bin/make cmTC_4c383/fast && /Library/Developer/CommandLineTools/usr/bin/make -f CMakeFiles/cmTC_4c383.dir/build.make CMakeFiles/cmTC_4c383.dir/build
Building C object CMakeFiles/cmTC_4c383.dir/CheckIncludeFile.c.o
/Library/Developer/CommandLineTools/usr/bin/cc   -fno-common -msse -W -Wall -Wpointer-arith -Wmissing-declarations -Wstrict-prototypes  -isysroot /Library/Developer/CommandLineTools/SDKs/MacOSX10.14.sdk   -o CMakeFiles/cmTC_4c383.dir/CheckIncludeFile.c.o   -c /Users/ry/head_first_c_playground/blasteroids/allegro-5.2.5.0/CMakeFiles/CMakeTmp/CheckIncludeFile.c
Linking C executable cmTC_4c383
/usr/local/Cellar/cmake/3.15.2/bin/cmake -E cmake_link_script CMakeFiles/cmTC_4c383.dir/link.txt --verbose=1
/Library/Developer/CommandLineTools/usr/bin/cc  -fno-common -msse -W -Wall -Wpointer-arith -Wmissing-declarations -Wstrict-prototypes  -isysroot /Library/Developer/CommandLineTools/SDKs/MacOSX10.14.sdk -Wl,-search_paths_first -Wl,-headerpad_max_install_names   CMakeFiles/cmTC_4c383.dir/CheckIncludeFile.c.o  -o cmTC_4c383 



Determining if the include file stddef.h exists passed with the following output:
Change Dir: /Users/ry/head_first_c_playground/blasteroids/allegro-5.2.5.0/CMakeFiles/CMakeTmp

Run Build Command(s):/usr/bin/make cmTC_7c041/fast && /Library/Developer/CommandLineTools/usr/bin/make -f CMakeFiles/cmTC_7c041.dir/build.make CMakeFiles/cmTC_7c041.dir/build
Building C object CMakeFiles/cmTC_7c041.dir/CheckIncludeFile.c.o
/Library/Developer/CommandLineTools/usr/bin/cc   -fno-common -msse -W -Wall -Wpointer-arith -Wmissing-declarations -Wstrict-prototypes  -isysroot /Library/Developer/CommandLineTools/SDKs/MacOSX10.14.sdk   -o CMakeFiles/cmTC_7c041.dir/CheckIncludeFile.c.o   -c /Users/ry/head_first_c_playground/blasteroids/allegro-5.2.5.0/CMakeFiles/CMakeTmp/CheckIncludeFile.c
Linking C executable cmTC_7c041
/usr/local/Cellar/cmake/3.15.2/bin/cmake -E cmake_link_script CMakeFiles/cmTC_7c041.dir/link.txt --verbose=1
/Library/Developer/CommandLineTools/usr/bin/cc  -fno-common -msse -W -Wall -Wpointer-arith -Wmissing-declarations -Wstrict-prototypes  -isysroot /Library/Developer/CommandLineTools/SDKs/MacOSX10.14.sdk -Wl,-search_paths_first -Wl,-headerpad_max_install_names   CMakeFiles/cmTC_7c041.dir/CheckIncludeFile.c.o  -o cmTC_7c041 



Determining size of unsigned short passed with the following output:
Change Dir: /Users/ry/head_first_c_playground/blasteroids/allegro-5.2.5.0/CMakeFiles/CMakeTmp

Run Build Command(s):/usr/bin/make cmTC_0fcba/fast && /Library/Developer/CommandLineTools/usr/bin/make -f CMakeFiles/cmTC_0fcba.dir/build.make CMakeFiles/cmTC_0fcba.dir/build
Building C object CMakeFiles/cmTC_0fcba.dir/CMAKE_SIZEOF_UNSIGNED_SHORT.c.o
/Library/Developer/CommandLineTools/usr/bin/cc   -fno-common -msse -W -Wall -Wpointer-arith -Wmissing-declarations -Wstrict-prototypes  -isysroot /Library/Developer/CommandLineTools/SDKs/MacOSX10.14.sdk   -o CMakeFiles/cmTC_0fcba.dir/CMAKE_SIZEOF_UNSIGNED_SHORT.c.o   -c /Users/ry/head_first_c_playground/blasteroids/allegro-5.2.5.0/CMakeFiles/CheckTypeSize/CMAKE_SIZEOF_UNSIGNED_SHORT.c
Linking C executable cmTC_0fcba
/usr/local/Cellar/cmake/3.15.2/bin/cmake -E cmake_link_script CMakeFiles/cmTC_0fcba.dir/link.txt --verbose=1
/Library/Developer/CommandLineTools/usr/bin/cc  -fno-common -msse -W -Wall -Wpointer-arith -Wmissing-declarations -Wstrict-prototypes  -isysroot /Library/Developer/CommandLineTools/SDKs/MacOSX10.14.sdk -Wl,-search_paths_first -Wl,-headerpad_max_install_names   CMakeFiles/cmTC_0fcba.dir/CMAKE_SIZEOF_UNSIGNED_SHORT.c.o  -o cmTC_0fcba 



Determining if the system is big endian passed with the following output:
Change Dir: /Users/ry/head_first_c_playground/blasteroids/allegro-5.2.5.0/CMakeFiles/CMakeTmp

Run Build Command(s):/usr/bin/make cmTC_dbd88/fast && /Library/Developer/CommandLineTools/usr/bin/make -f CMakeFiles/cmTC_dbd88.dir/build.make CMakeFiles/cmTC_dbd88.dir/build
Building C object CMakeFiles/cmTC_dbd88.dir/TestEndianess.c.o
/Library/Developer/CommandLineTools/usr/bin/cc   -fno-common -msse -W -Wall -Wpointer-arith -Wmissing-declarations -Wstrict-prototypes  -isysroot /Library/Developer/CommandLineTools/SDKs/MacOSX10.14.sdk   -o CMakeFiles/cmTC_dbd88.dir/TestEndianess.c.o   -c /Users/ry/head_first_c_playground/blasteroids/allegro-5.2.5.0/CMakeFiles/CMakeTmp/TestEndianess.c
Linking C executable cmTC_dbd88
/usr/local/Cellar/cmake/3.15.2/bin/cmake -E cmake_link_script CMakeFiles/cmTC_dbd88.dir/link.txt --verbose=1
/Library/Developer/CommandLineTools/usr/bin/cc  -fno-common -msse -W -Wall -Wpointer-arith -Wmissing-declarations -Wstrict-prototypes  -isysroot /Library/Developer/CommandLineTools/SDKs/MacOSX10.14.sdk -Wl,-search_paths_first -Wl,-headerpad_max_install_names   CMakeFiles/cmTC_dbd88.dir/TestEndianess.c.o  -o cmTC_dbd88 


TestEndianess.c:
/* A 16 bit integer is required. */
typedef unsigned short cmakeint16;

/* On a little endian machine, these 16bit ints will give "THIS IS LITTLE ENDIAN."
   On a big endian machine the characters will be exchanged pairwise. */
const cmakeint16 info_little[] =  {0x4854, 0x5349, 0x4920, 0x2053, 0x494c, 0x5454, 0x454c, 0x4520, 0x444e, 0x4149, 0x2e4e, 0x0000};

/* on a big endian machine, these 16bit ints will give "THIS IS BIG ENDIAN."
   On a little endian machine the characters will be exchanged pairwise. */
const cmakeint16 info_big[] =     {0x5448, 0x4953, 0x2049, 0x5320, 0x4249, 0x4720, 0x454e, 0x4449, 0x414e, 0x2e2e, 0x0000};

#ifdef __CLASSIC_C__
int main(argc, argv) int argc; char *argv[];
#else
int main(int argc, char *argv[])
#endif
{
  int require = 0;
  require += info_little[argc];
  require += info_big[argc];
  (void)argv;
  return require;
}


Determining if files dirent.h exist passed with the following output:
Change Dir: /Users/ry/head_first_c_playground/blasteroids/allegro-5.2.5.0/CMakeFiles/CMakeTmp

Run Build Command(s):/usr/bin/make cmTC_dfbf5/fast && /Library/Developer/CommandLineTools/usr/bin/make -f CMakeFiles/cmTC_dfbf5.dir/build.make CMakeFiles/cmTC_dfbf5.dir/build
Building C object CMakeFiles/cmTC_dfbf5.dir/ALLEGRO_HAVE_DIRENT_H.c.o
/Library/Developer/CommandLineTools/usr/bin/cc   -fno-common -msse -W -Wall -Wpointer-arith -Wmissing-declarations -Wstrict-prototypes  -isysroot /Library/Developer/CommandLineTools/SDKs/MacOSX10.14.sdk   -o CMakeFiles/cmTC_dfbf5.dir/ALLEGRO_HAVE_DIRENT_H.c.o   -c /Users/ry/head_first_c_playground/blasteroids/allegro-5.2.5.0/CMakeFiles/CheckIncludeFiles/ALLEGRO_HAVE_DIRENT_H.c
Linking C executable cmTC_dfbf5
/usr/local/Cellar/cmake/3.15.2/bin/cmake -E cmake_link_script CMakeFiles/cmTC_dfbf5.dir/link.txt --verbose=1
/Library/Developer/CommandLineTools/usr/bin/cc  -fno-common -msse -W -Wall -Wpointer-arith -Wmissing-declarations -Wstrict-prototypes  -isysroot /Library/Developer/CommandLineTools/SDKs/MacOSX10.14.sdk -Wl,-search_paths_first -Wl,-headerpad_max_install_names   CMakeFiles/cmTC_dfbf5.dir/ALLEGRO_HAVE_DIRENT_H.c.o  -o cmTC_dfbf5 



Determining if files inttypes.h exist passed with the following output:
Change Dir: /Users/ry/head_first_c_playground/blasteroids/allegro-5.2.5.0/CMakeFiles/CMakeTmp

Run Build Command(s):/usr/bin/make cmTC_82cfe/fast && /Library/Developer/CommandLineTools/usr/bin/make -f CMakeFiles/cmTC_82cfe.dir/build.make CMakeFiles/cmTC_82cfe.dir/build
Building C object CMakeFiles/cmTC_82cfe.dir/ALLEGRO_HAVE_INTTYPES_H.c.o
/Library/Developer/CommandLineTools/usr/bin/cc   -fno-common -msse -W -Wall -Wpointer-arith -Wmissing-declarations -Wstrict-prototypes  -isysroot /Library/Developer/CommandLineTools/SDKs/MacOSX10.14.sdk   -o CMakeFiles/cmTC_82cfe.dir/ALLEGRO_HAVE_INTTYPES_H.c.o   -c /Users/ry/head_first_c_playground/blasteroids/allegro-5.2.5.0/CMakeFiles/CheckIncludeFiles/ALLEGRO_HAVE_INTTYPES_H.c
Linking C executable cmTC_82cfe
/usr/local/Cellar/cmake/3.15.2/bin/cmake -E cmake_link_script CMakeFiles/cmTC_82cfe.dir/link.txt --verbose=1
/Library/Developer/CommandLineTools/usr/bin/cc  -fno-common -msse -W -Wall -Wpointer-arith -Wmissing-declarations -Wstrict-prototypes  -isysroot /Library/Developer/CommandLineTools/SDKs/MacOSX10.14.sdk -Wl,-search_paths_first -Wl,-headerpad_max_install_names   CMakeFiles/cmTC_82cfe.dir/ALLEGRO_HAVE_INTTYPES_H.c.o  -o cmTC_82cfe 



Determining if files stdbool.h exist passed with the following output:
Change Dir: /Users/ry/head_first_c_playground/blasteroids/allegro-5.2.5.0/CMakeFiles/CMakeTmp

Run Build Command(s):/usr/bin/make cmTC_6ab49/fast && /Library/Developer/CommandLineTools/usr/bin/make -f CMakeFiles/cmTC_6ab49.dir/build.make CMakeFiles/cmTC_6ab49.dir/build
Building C object CMakeFiles/cmTC_6ab49.dir/ALLEGRO_HAVE_STDBOOL_H.c.o
/Library/Developer/CommandLineTools/usr/bin/cc   -fno-common -msse -W -Wall -Wpointer-arith -Wmissing-declarations -Wstrict-prototypes  -isysroot /Library/Developer/CommandLineTools/SDKs/MacOSX10.14.sdk   -o CMakeFiles/cmTC_6ab49.dir/ALLEGRO_HAVE_STDBOOL_H.c.o   -c /Users/ry/head_first_c_playground/blasteroids/allegro-5.2.5.0/CMakeFiles/CheckIncludeFiles/ALLEGRO_HAVE_STDBOOL_H.c
Linking C executable cmTC_6ab49
/usr/local/Cellar/cmake/3.15.2/bin/cmake -E cmake_link_script CMakeFiles/cmTC_6ab49.dir/link.txt --verbose=1
/Library/Developer/CommandLineTools/usr/bin/cc  -fno-common -msse -W -Wall -Wpointer-arith -Wmissing-declarations -Wstrict-prototypes  -isysroot /Library/Developer/CommandLineTools/SDKs/MacOSX10.14.sdk -Wl,-search_paths_first -Wl,-headerpad_max_install_names   CMakeFiles/cmTC_6ab49.dir/ALLEGRO_HAVE_STDBOOL_H.c.o  -o cmTC_6ab49 



Determining if files stdint.h exist passed with the following output:
Change Dir: /Users/ry/head_first_c_playground/blasteroids/allegro-5.2.5.0/CMakeFiles/CMakeTmp

Run Build Command(s):/usr/bin/make cmTC_f6340/fast && /Library/Developer/CommandLineTools/usr/bin/make -f CMakeFiles/cmTC_f6340.dir/build.make CMakeFiles/cmTC_f6340.dir/build
Building C object CMakeFiles/cmTC_f6340.dir/ALLEGRO_HAVE_STDINT_H.c.o
/Library/Developer/CommandLineTools/usr/bin/cc   -fno-common -msse -W -Wall -Wpointer-arith -Wmissing-declarations -Wstrict-prototypes  -isysroot /Library/Developer/CommandLineTools/SDKs/MacOSX10.14.sdk   -o CMakeFiles/cmTC_f6340.dir/ALLEGRO_HAVE_STDINT_H.c.o   -c /Users/ry/head_first_c_playground/blasteroids/allegro-5.2.5.0/CMakeFiles/CheckIncludeFiles/ALLEGRO_HAVE_STDINT_H.c
Linking C executable cmTC_f6340
/usr/local/Cellar/cmake/3.15.2/bin/cmake -E cmake_link_script CMakeFiles/cmTC_f6340.dir/link.txt --verbose=1
/Library/Developer/CommandLineTools/usr/bin/cc  -fno-common -msse -W -Wall -Wpointer-arith -Wmissing-declarations -Wstrict-prototypes  -isysroot /Library/Developer/CommandLineTools/SDKs/MacOSX10.14.sdk -Wl,-search_paths_first -Wl,-headerpad_max_install_names   CMakeFiles/cmTC_f6340.dir/ALLEGRO_HAVE_STDINT_H.c.o  -o cmTC_f6340 



Determining if files sys/stat.h exist passed with the following output:
Change Dir: /Users/ry/head_first_c_playground/blasteroids/allegro-5.2.5.0/CMakeFiles/CMakeTmp

Run Build Command(s):/usr/bin/make cmTC_f544a/fast && /Library/Developer/CommandLineTools/usr/bin/make -f CMakeFiles/cmTC_f544a.dir/build.make CMakeFiles/cmTC_f544a.dir/build
Building C object CMakeFiles/cmTC_f544a.dir/ALLEGRO_HAVE_SYS_STAT_H.c.o
/Library/Developer/CommandLineTools/usr/bin/cc   -fno-common -msse -W -Wall -Wpointer-arith -Wmissing-declarations -Wstrict-prototypes  -isysroot /Library/Developer/CommandLineTools/SDKs/MacOSX10.14.sdk   -o CMakeFiles/cmTC_f544a.dir/ALLEGRO_HAVE_SYS_STAT_H.c.o   -c /Users/ry/head_first_c_playground/blasteroids/allegro-5.2.5.0/CMakeFiles/CheckIncludeFiles/ALLEGRO_HAVE_SYS_STAT_H.c
Linking C executable cmTC_f544a
/usr/local/Cellar/cmake/3.15.2/bin/cmake -E cmake_link_script CMakeFiles/cmTC_f544a.dir/link.txt --verbose=1
/Library/Developer/CommandLineTools/usr/bin/cc  -fno-common -msse -W -Wall -Wpointer-arith -Wmissing-declarations -Wstrict-prototypes  -isysroot /Library/Developer/CommandLineTools/SDKs/MacOSX10.14.sdk -Wl,-search_paths_first -Wl,-headerpad_max_install_names   CMakeFiles/cmTC_f544a.dir/ALLEGRO_HAVE_SYS_STAT_H.c.o  -o cmTC_f544a 



Determining if files sys/time.h exist passed with the following output:
Change Dir: /Users/ry/head_first_c_playground/blasteroids/allegro-5.2.5.0/CMakeFiles/CMakeTmp

Run Build Command(s):/usr/bin/make cmTC_49a95/fast && /Library/Developer/CommandLineTools/usr/bin/make -f CMakeFiles/cmTC_49a95.dir/build.make CMakeFiles/cmTC_49a95.dir/build
Building C object CMakeFiles/cmTC_49a95.dir/ALLEGRO_HAVE_SYS_TIME_H.c.o
/Library/Developer/CommandLineTools/usr/bin/cc   -fno-common -msse -W -Wall -Wpointer-arith -Wmissing-declarations -Wstrict-prototypes  -isysroot /Library/Developer/CommandLineTools/SDKs/MacOSX10.14.sdk   -o CMakeFiles/cmTC_49a95.dir/ALLEGRO_HAVE_SYS_TIME_H.c.o   -c /Users/ry/head_first_c_playground/blasteroids/allegro-5.2.5.0/CMakeFiles/CheckIncludeFiles/ALLEGRO_HAVE_SYS_TIME_H.c
Linking C executable cmTC_49a95
/usr/local/Cellar/cmake/3.15.2/bin/cmake -E cmake_link_script CMakeFiles/cmTC_49a95.dir/link.txt --verbose=1
/Library/Developer/CommandLineTools/usr/bin/cc  -fno-common -msse -W -Wall -Wpointer-arith -Wmissing-declarations -Wstrict-prototypes  -isysroot /Library/Developer/CommandLineTools/SDKs/MacOSX10.14.sdk -Wl,-search_paths_first -Wl,-headerpad_max_install_names   CMakeFiles/cmTC_49a95.dir/ALLEGRO_HAVE_SYS_TIME_H.c.o  -o cmTC_49a95 



Determining if files time.h exist passed with the following output:
Change Dir: /Users/ry/head_first_c_playground/blasteroids/allegro-5.2.5.0/CMakeFiles/CMakeTmp

Run Build Command(s):/usr/bin/make cmTC_0e15b/fast && /Library/Developer/CommandLineTools/usr/bin/make -f CMakeFiles/cmTC_0e15b.dir/build.make CMakeFiles/cmTC_0e15b.dir/build
Building C object CMakeFiles/cmTC_0e15b.dir/ALLEGRO_HAVE_TIME_H.c.o
/Library/Developer/CommandLineTools/usr/bin/cc   -fno-common -msse -W -Wall -Wpointer-arith -Wmissing-declarations -Wstrict-prototypes  -isysroot /Library/Developer/CommandLineTools/SDKs/MacOSX10.14.sdk   -o CMakeFiles/cmTC_0e15b.dir/ALLEGRO_HAVE_TIME_H.c.o   -c /Users/ry/head_first_c_playground/blasteroids/allegro-5.2.5.0/CMakeFiles/CheckIncludeFiles/ALLEGRO_HAVE_TIME_H.c
Linking C executable cmTC_0e15b
/usr/local/Cellar/cmake/3.15.2/bin/cmake -E cmake_link_script CMakeFiles/cmTC_0e15b.dir/link.txt --verbose=1
/Library/Developer/CommandLineTools/usr/bin/cc  -fno-common -msse -W -Wall -Wpointer-arith -Wmissing-declarations -Wstrict-prototypes  -isysroot /Library/Developer/CommandLineTools/SDKs/MacOSX10.14.sdk -Wl,-search_paths_first -Wl,-headerpad_max_install_names   CMakeFiles/cmTC_0e15b.dir/ALLEGRO_HAVE_TIME_H.c.o  -o cmTC_0e15b 



Determining if files sys/utsname.h exist passed with the following output:
Change Dir: /Users/ry/head_first_c_playground/blasteroids/allegro-5.2.5.0/CMakeFiles/CMakeTmp

Run Build Command(s):/usr/bin/make cmTC_48f98/fast && /Library/Developer/CommandLineTools/usr/bin/make -f CMakeFiles/cmTC_48f98.dir/build.make CMakeFiles/cmTC_48f98.dir/build
Building C object CMakeFiles/cmTC_48f98.dir/ALLEGRO_HAVE_SYS_UTSNAME_H.c.o
/Library/Developer/CommandLineTools/usr/bin/cc   -fno-common -msse -W -Wall -Wpointer-arith -Wmissing-declarations -Wstrict-prototypes  -isysroot /Library/Developer/CommandLineTools/SDKs/MacOSX10.14.sdk   -o CMakeFiles/cmTC_48f98.dir/ALLEGRO_HAVE_SYS_UTSNAME_H.c.o   -c /Users/ry/head_first_c_playground/blasteroids/allegro-5.2.5.0/CMakeFiles/CheckIncludeFiles/ALLEGRO_HAVE_SYS_UTSNAME_H.c
Linking C executable cmTC_48f98
/usr/local/Cellar/cmake/3.15.2/bin/cmake -E cmake_link_script CMakeFiles/cmTC_48f98.dir/link.txt --verbose=1
/Library/Developer/CommandLineTools/usr/bin/cc  -fno-common -msse -W -Wall -Wpointer-arith -Wmissing-declarations -Wstrict-prototypes  -isysroot /Library/Developer/CommandLineTools/SDKs/MacOSX10.14.sdk -Wl,-search_paths_first -Wl,-headerpad_max_install_names   CMakeFiles/cmTC_48f98.dir/ALLEGRO_HAVE_SYS_UTSNAME_H.c.o  -o cmTC_48f98 



Determining if files sys/types.h exist passed with the following output:
Change Dir: /Users/ry/head_first_c_playground/blasteroids/allegro-5.2.5.0/CMakeFiles/CMakeTmp

Run Build Command(s):/usr/bin/make cmTC_9fcec/fast && /Library/Developer/CommandLineTools/usr/bin/make -f CMakeFiles/cmTC_9fcec.dir/build.make CMakeFiles/cmTC_9fcec.dir/build
Building C object CMakeFiles/cmTC_9fcec.dir/ALLEGRO_HAVE_SYS_TYPES_H.c.o
/Library/Developer/CommandLineTools/usr/bin/cc   -fno-common -msse -W -Wall -Wpointer-arith -Wmissing-declarations -Wstrict-prototypes  -isysroot /Library/Developer/CommandLineTools/SDKs/MacOSX10.14.sdk   -o CMakeFiles/cmTC_9fcec.dir/ALLEGRO_HAVE_SYS_TYPES_H.c.o   -c /Users/ry/head_first_c_playground/blasteroids/allegro-5.2.5.0/CMakeFiles/CheckIncludeFiles/ALLEGRO_HAVE_SYS_TYPES_H.c
Linking C executable cmTC_9fcec
/usr/local/Cellar/cmake/3.15.2/bin/cmake -E cmake_link_script CMakeFiles/cmTC_9fcec.dir/link.txt --verbose=1
/Library/Developer/CommandLineTools/usr/bin/cc  -fno-common -msse -W -Wall -Wpointer-arith -Wmissing-declarations -Wstrict-prototypes  -isysroot /Library/Developer/CommandLineTools/SDKs/MacOSX10.14.sdk -Wl,-search_paths_first -Wl,-headerpad_max_install_names   CMakeFiles/cmTC_9fcec.dir/ALLEGRO_HAVE_SYS_TYPES_H.c.o  -o cmTC_9fcec 



Determining if files libkern/OSAtomic.h exist passed with the following output:
Change Dir: /Users/ry/head_first_c_playground/blasteroids/allegro-5.2.5.0/CMakeFiles/CMakeTmp

Run Build Command(s):/usr/bin/make cmTC_3d5b8/fast && /Library/Developer/CommandLineTools/usr/bin/make -f CMakeFiles/cmTC_3d5b8.dir/build.make CMakeFiles/cmTC_3d5b8.dir/build
Building C object CMakeFiles/cmTC_3d5b8.dir/ALLEGRO_HAVE_OSATOMIC_H.c.o
/Library/Developer/CommandLineTools/usr/bin/cc   -fno-common -msse -W -Wall -Wpointer-arith -Wmissing-declarations -Wstrict-prototypes  -isysroot /Library/Developer/CommandLineTools/SDKs/MacOSX10.14.sdk   -o CMakeFiles/cmTC_3d5b8.dir/ALLEGRO_HAVE_OSATOMIC_H.c.o   -c /Users/ry/head_first_c_playground/blasteroids/allegro-5.2.5.0/CMakeFiles/CheckIncludeFiles/ALLEGRO_HAVE_OSATOMIC_H.c
Linking C executable cmTC_3d5b8
/usr/local/Cellar/cmake/3.15.2/bin/cmake -E cmake_link_script CMakeFiles/cmTC_3d5b8.dir/link.txt --verbose=1
/Library/Developer/CommandLineTools/usr/bin/cc  -fno-common -msse -W -Wall -Wpointer-arith -Wmissing-declarations -Wstrict-prototypes  -isysroot /Library/Developer/CommandLineTools/SDKs/MacOSX10.14.sdk -Wl,-search_paths_first -Wl,-headerpad_max_install_names   CMakeFiles/cmTC_3d5b8.dir/ALLEGRO_HAVE_OSATOMIC_H.c.o  -o cmTC_3d5b8 



Determining if the function mkstemp exists passed with the following output:
Change Dir: /Users/ry/head_first_c_playground/blasteroids/allegro-5.2.5.0/CMakeFiles/CMakeTmp

Run Build Command(s):/usr/bin/make cmTC_16b0a/fast && /Library/Developer/CommandLineTools/usr/bin/make -f CMakeFiles/cmTC_16b0a.dir/build.make CMakeFiles/cmTC_16b0a.dir/build
Building C object CMakeFiles/cmTC_16b0a.dir/CheckFunctionExists.c.o
/Library/Developer/CommandLineTools/usr/bin/cc   -fno-common -msse -W -Wall -Wpointer-arith -Wmissing-declarations -Wstrict-prototypes -DCHECK_FUNCTION_EXISTS=mkstemp -isysroot /Library/Developer/CommandLineTools/SDKs/MacOSX10.14.sdk   -o CMakeFiles/cmTC_16b0a.dir/CheckFunctionExists.c.o   -c /usr/local/Cellar/cmake/3.15.2/share/cmake/Modules/CheckFunctionExists.c
Linking C executable cmTC_16b0a
/usr/local/Cellar/cmake/3.15.2/bin/cmake -E cmake_link_script CMakeFiles/cmTC_16b0a.dir/link.txt --verbose=1
/Library/Developer/CommandLineTools/usr/bin/cc  -fno-common -msse -W -Wall -Wpointer-arith -Wmissing-declarations -Wstrict-prototypes -DCHECK_FUNCTION_EXISTS=mkstemp -isysroot /Library/Developer/CommandLineTools/SDKs/MacOSX10.14.sdk -Wl,-search_paths_first -Wl,-headerpad_max_install_names   CMakeFiles/cmTC_16b0a.dir/CheckFunctionExists.c.o  -o cmTC_16b0a 



Determining if the function mmap exists passed with the following output:
Change Dir: /Users/ry/head_first_c_playground/blasteroids/allegro-5.2.5.0/CMakeFiles/CMakeTmp

Run Build Command(s):/usr/bin/make cmTC_33d6f/fast && /Library/Developer/CommandLineTools/usr/bin/make -f CMakeFiles/cmTC_33d6f.dir/build.make CMakeFiles/cmTC_33d6f.dir/build
Building C object CMakeFiles/cmTC_33d6f.dir/CheckFunctionExists.c.o
/Library/Developer/CommandLineTools/usr/bin/cc   -fno-common -msse -W -Wall -Wpointer-arith -Wmissing-declarations -Wstrict-prototypes -DCHECK_FUNCTION_EXISTS=mmap -isysroot /Library/Developer/CommandLineTools/SDKs/MacOSX10.14.sdk   -o CMakeFiles/cmTC_33d6f.dir/CheckFunctionExists.c.o   -c /usr/local/Cellar/cmake/3.15.2/share/cmake/Modules/CheckFunctionExists.c
Linking C executable cmTC_33d6f
/usr/local/Cellar/cmake/3.15.2/bin/cmake -E cmake_link_script CMakeFiles/cmTC_33d6f.dir/link.txt --verbose=1
/Library/Developer/CommandLineTools/usr/bin/cc  -fno-common -msse -W -Wall -Wpointer-arith -Wmissing-declarations -Wstrict-prototypes -DCHECK_FUNCTION_EXISTS=mmap -isysroot /Library/Developer/CommandLineTools/SDKs/MacOSX10.14.sdk -Wl,-search_paths_first -Wl,-headerpad_max_install_names   CMakeFiles/cmTC_33d6f.dir/CheckFunctionExists.c.o  -o cmTC_33d6f 



Determining if the function mprotect exists passed with the following output:
Change Dir: /Users/ry/head_first_c_playground/blasteroids/allegro-5.2.5.0/CMakeFiles/CMakeTmp

Run Build Command(s):/usr/bin/make cmTC_58a74/fast && /Library/Developer/CommandLineTools/usr/bin/make -f CMakeFiles/cmTC_58a74.dir/build.make CMakeFiles/cmTC_58a74.dir/build
Building C object CMakeFiles/cmTC_58a74.dir/CheckFunctionExists.c.o
/Library/Developer/CommandLineTools/usr/bin/cc   -fno-common -msse -W -Wall -Wpointer-arith -Wmissing-declarations -Wstrict-prototypes -DCHECK_FUNCTION_EXISTS=mprotect -isysroot /Library/Developer/CommandLineTools/SDKs/MacOSX10.14.sdk   -o CMakeFiles/cmTC_58a74.dir/CheckFunctionExists.c.o   -c /usr/local/Cellar/cmake/3.15.2/share/cmake/Modules/CheckFunctionExists.c
Linking C executable cmTC_58a74
/usr/local/Cellar/cmake/3.15.2/bin/cmake -E cmake_link_script CMakeFiles/cmTC_58a74.dir/link.txt --verbose=1
/Library/Developer/CommandLineTools/usr/bin/cc  -fno-common -msse -W -Wall -Wpointer-arith -Wmissing-declarations -Wstrict-prototypes -DCHECK_FUNCTION_EXISTS=mprotect -isysroot /Library/Developer/CommandLineTools/SDKs/MacOSX10.14.sdk -Wl,-search_paths_first -Wl,-headerpad_max_install_names   CMakeFiles/cmTC_58a74.dir/CheckFunctionExists.c.o  -o cmTC_58a74 



Determining if the function sched_yield exists passed with the following output:
Change Dir: /Users/ry/head_first_c_playground/blasteroids/allegro-5.2.5.0/CMakeFiles/CMakeTmp

Run Build Command(s):/usr/bin/make cmTC_ad6be/fast && /Library/Developer/CommandLineTools/usr/bin/make -f CMakeFiles/cmTC_ad6be.dir/build.make CMakeFiles/cmTC_ad6be.dir/build
Building C object CMakeFiles/cmTC_ad6be.dir/CheckFunctionExists.c.o
/Library/Developer/CommandLineTools/usr/bin/cc   -fno-common -msse -W -Wall -Wpointer-arith -Wmissing-declarations -Wstrict-prototypes -DCHECK_FUNCTION_EXISTS=sched_yield -isysroot /Library/Developer/CommandLineTools/SDKs/MacOSX10.14.sdk   -o CMakeFiles/cmTC_ad6be.dir/CheckFunctionExists.c.o   -c /usr/local/Cellar/cmake/3.15.2/share/cmake/Modules/CheckFunctionExists.c
Linking C executable cmTC_ad6be
/usr/local/Cellar/cmake/3.15.2/bin/cmake -E cmake_link_script CMakeFiles/cmTC_ad6be.dir/link.txt --verbose=1
/Library/Developer/CommandLineTools/usr/bin/cc  -fno-common -msse -W -Wall -Wpointer-arith -Wmissing-declarations -Wstrict-prototypes -DCHECK_FUNCTION_EXISTS=sched_yield -isysroot /Library/Developer/CommandLineTools/SDKs/MacOSX10.14.sdk -Wl,-search_paths_first -Wl,-headerpad_max_install_names   CMakeFiles/cmTC_ad6be.dir/CheckFunctionExists.c.o  -o cmTC_ad6be 



Determining if the function sysconf exists passed with the following output:
Change Dir: /Users/ry/head_first_c_playground/blasteroids/allegro-5.2.5.0/CMakeFiles/CMakeTmp

Run Build Command(s):/usr/bin/make cmTC_a76c2/fast && /Library/Developer/CommandLineTools/usr/bin/make -f CMakeFiles/cmTC_a76c2.dir/build.make CMakeFiles/cmTC_a76c2.dir/build
Building C object CMakeFiles/cmTC_a76c2.dir/CheckFunctionExists.c.o
/Library/Developer/CommandLineTools/usr/bin/cc   -fno-common -msse -W -Wall -Wpointer-arith -Wmissing-declarations -Wstrict-prototypes -DCHECK_FUNCTION_EXISTS=sysconf -isysroot /Library/Developer/CommandLineTools/SDKs/MacOSX10.14.sdk   -o CMakeFiles/cmTC_a76c2.dir/CheckFunctionExists.c.o   -c /usr/local/Cellar/cmake/3.15.2/share/cmake/Modules/CheckFunctionExists.c
Linking C executable cmTC_a76c2
/usr/local/Cellar/cmake/3.15.2/bin/cmake -E cmake_link_script CMakeFiles/cmTC_a76c2.dir/link.txt --verbose=1
/Library/Developer/CommandLineTools/usr/bin/cc  -fno-common -msse -W -Wall -Wpointer-arith -Wmissing-declarations -Wstrict-prototypes -DCHECK_FUNCTION_EXISTS=sysconf -isysroot /Library/Developer/CommandLineTools/SDKs/MacOSX10.14.sdk -Wl,-search_paths_first -Wl,-headerpad_max_install_names   CMakeFiles/cmTC_a76c2.dir/CheckFunctionExists.c.o  -o cmTC_a76c2 



Determining if the function fseeko exists passed with the following output:
Change Dir: /Users/ry/head_first_c_playground/blasteroids/allegro-5.2.5.0/CMakeFiles/CMakeTmp

Run Build Command(s):/usr/bin/make cmTC_ba9ca/fast && /Library/Developer/CommandLineTools/usr/bin/make -f CMakeFiles/cmTC_ba9ca.dir/build.make CMakeFiles/cmTC_ba9ca.dir/build
Building C object CMakeFiles/cmTC_ba9ca.dir/CheckFunctionExists.c.o
/Library/Developer/CommandLineTools/usr/bin/cc   -fno-common -msse -W -Wall -Wpointer-arith -Wmissing-declarations -Wstrict-prototypes -DCHECK_FUNCTION_EXISTS=fseeko -isysroot /Library/Developer/CommandLineTools/SDKs/MacOSX10.14.sdk   -o CMakeFiles/cmTC_ba9ca.dir/CheckFunctionExists.c.o   -c /usr/local/Cellar/cmake/3.15.2/share/cmake/Modules/CheckFunctionExists.c
Linking C executable cmTC_ba9ca
/usr/local/Cellar/cmake/3.15.2/bin/cmake -E cmake_link_script CMakeFiles/cmTC_ba9ca.dir/link.txt --verbose=1
/Library/Developer/CommandLineTools/usr/bin/cc  -fno-common -msse -W -Wall -Wpointer-arith -Wmissing-declarations -Wstrict-prototypes -DCHECK_FUNCTION_EXISTS=fseeko -isysroot /Library/Developer/CommandLineTools/SDKs/MacOSX10.14.sdk -Wl,-search_paths_first -Wl,-headerpad_max_install_names   CMakeFiles/cmTC_ba9ca.dir/CheckFunctionExists.c.o  -o cmTC_ba9ca 



Determining if the function ftello exists passed with the following output:
Change Dir: /Users/ry/head_first_c_playground/blasteroids/allegro-5.2.5.0/CMakeFiles/CMakeTmp

Run Build Command(s):/usr/bin/make cmTC_c68b7/fast && /Library/Developer/CommandLineTools/usr/bin/make -f CMakeFiles/cmTC_c68b7.dir/build.make CMakeFiles/cmTC_c68b7.dir/build
Building C object CMakeFiles/cmTC_c68b7.dir/CheckFunctionExists.c.o
/Library/Developer/CommandLineTools/usr/bin/cc   -fno-common -msse -W -Wall -Wpointer-arith -Wmissing-declarations -Wstrict-prototypes -DCHECK_FUNCTION_EXISTS=ftello -isysroot /Library/Developer/CommandLineTools/SDKs/MacOSX10.14.sdk   -o CMakeFiles/cmTC_c68b7.dir/CheckFunctionExists.c.o   -c /usr/local/Cellar/cmake/3.15.2/share/cmake/Modules/CheckFunctionExists.c
Linking C executable cmTC_c68b7
/usr/local/Cellar/cmake/3.15.2/bin/cmake -E cmake_link_script CMakeFiles/cmTC_c68b7.dir/link.txt --verbose=1
/Library/Developer/CommandLineTools/usr/bin/cc  -fno-common -msse -W -Wall -Wpointer-arith -Wmissing-declarations -Wstrict-prototypes -DCHECK_FUNCTION_EXISTS=ftello -isysroot /Library/Developer/CommandLineTools/SDKs/MacOSX10.14.sdk -Wl,-search_paths_first -Wl,-headerpad_max_install_names   CMakeFiles/cmTC_c68b7.dir/CheckFunctionExists.c.o  -o cmTC_c68b7 



Determining if the function strerror_r exists passed with the following output:
Change Dir: /Users/ry/head_first_c_playground/blasteroids/allegro-5.2.5.0/CMakeFiles/CMakeTmp

Run Build Command(s):/usr/bin/make cmTC_58daa/fast && /Library/Developer/CommandLineTools/usr/bin/make -f CMakeFiles/cmTC_58daa.dir/build.make CMakeFiles/cmTC_58daa.dir/build
Building C object CMakeFiles/cmTC_58daa.dir/CheckFunctionExists.c.o
/Library/Developer/CommandLineTools/usr/bin/cc   -fno-common -msse -W -Wall -Wpointer-arith -Wmissing-declarations -Wstrict-prototypes -DCHECK_FUNCTION_EXISTS=strerror_r -isysroot /Library/Developer/CommandLineTools/SDKs/MacOSX10.14.sdk   -o CMakeFiles/cmTC_58daa.dir/CheckFunctionExists.c.o   -c /usr/local/Cellar/cmake/3.15.2/share/cmake/Modules/CheckFunctionExists.c
Linking C executable cmTC_58daa
/usr/local/Cellar/cmake/3.15.2/bin/cmake -E cmake_link_script CMakeFiles/cmTC_58daa.dir/link.txt --verbose=1
/Library/Developer/CommandLineTools/usr/bin/cc  -fno-common -msse -W -Wall -Wpointer-arith -Wmissing-declarations -Wstrict-prototypes -DCHECK_FUNCTION_EXISTS=strerror_r -isysroot /Library/Developer/CommandLineTools/SDKs/MacOSX10.14.sdk -Wl,-search_paths_first -Wl,-headerpad_max_install_names   CMakeFiles/cmTC_58daa.dir/CheckFunctionExists.c.o  -o cmTC_58daa 



Determining size of _Bool passed with the following output:
Change Dir: /Users/ry/head_first_c_playground/blasteroids/allegro-5.2.5.0/CMakeFiles/CMakeTmp

Run Build Command(s):/usr/bin/make cmTC_15bf9/fast && /Library/Developer/CommandLineTools/usr/bin/make -f CMakeFiles/cmTC_15bf9.dir/build.make CMakeFiles/cmTC_15bf9.dir/build
Building C object CMakeFiles/cmTC_15bf9.dir/ALLEGRO_HAVE__BOOL.c.o
/Library/Developer/CommandLineTools/usr/bin/cc   -fno-common -msse -W -Wall -Wpointer-arith -Wmissing-declarations -Wstrict-prototypes  -isysroot /Library/Developer/CommandLineTools/SDKs/MacOSX10.14.sdk   -o CMakeFiles/cmTC_15bf9.dir/ALLEGRO_HAVE__BOOL.c.o   -c /Users/ry/head_first_c_playground/blasteroids/allegro-5.2.5.0/CMakeFiles/CheckTypeSize/ALLEGRO_HAVE__BOOL.c
Linking C executable cmTC_15bf9
/usr/local/Cellar/cmake/3.15.2/bin/cmake -E cmake_link_script CMakeFiles/cmTC_15bf9.dir/link.txt --verbose=1
/Library/Developer/CommandLineTools/usr/bin/cc  -fno-common -msse -W -Wall -Wpointer-arith -Wmissing-declarations -Wstrict-prototypes  -isysroot /Library/Developer/CommandLineTools/SDKs/MacOSX10.14.sdk -Wl,-search_paths_first -Wl,-headerpad_max_install_names   CMakeFiles/cmTC_15bf9.dir/ALLEGRO_HAVE__BOOL.c.o  -o cmTC_15bf9 



Performing C SOURCE FILE Test ALLEGRO_HAVE_VA_COPY succeeded with the following output:
Change Dir: /Users/ry/head_first_c_playground/blasteroids/allegro-5.2.5.0/CMakeFiles/CMakeTmp

Run Build Command(s):/usr/bin/make cmTC_5faa4/fast && /Library/Developer/CommandLineTools/usr/bin/make -f CMakeFiles/cmTC_5faa4.dir/build.make CMakeFiles/cmTC_5faa4.dir/build
Building C object CMakeFiles/cmTC_5faa4.dir/src.c.o
/Library/Developer/CommandLineTools/usr/bin/cc   -fno-common -msse -W -Wall -Wpointer-arith -Wmissing-declarations -Wstrict-prototypes -DALLEGRO_HAVE_VA_COPY -isysroot /Library/Developer/CommandLineTools/SDKs/MacOSX10.14.sdk   -o CMakeFiles/cmTC_5faa4.dir/src.c.o   -c /Users/ry/head_first_c_playground/blasteroids/allegro-5.2.5.0/CMakeFiles/CMakeTmp/src.c
Linking C executable cmTC_5faa4
/usr/local/Cellar/cmake/3.15.2/bin/cmake -E cmake_link_script CMakeFiles/cmTC_5faa4.dir/link.txt --verbose=1
/Library/Developer/CommandLineTools/usr/bin/cc  -fno-common -msse -W -Wall -Wpointer-arith -Wmissing-declarations -Wstrict-prototypes -DALLEGRO_HAVE_VA_COPY -isysroot /Library/Developer/CommandLineTools/SDKs/MacOSX10.14.sdk -Wl,-search_paths_first -Wl,-headerpad_max_install_names   CMakeFiles/cmTC_5faa4.dir/src.c.o  -o cmTC_5faa4 


Source file was:

    #include <stdarg.h>
    int main(void) {
        va_list a, b;
        va_copy(a, b);
        return 0;
    }
Determining if the include file pthread.h exists passed with the following output:
Change Dir: /Users/ry/head_first_c_playground/blasteroids/allegro-5.2.5.0/CMakeFiles/CMakeTmp

Run Build Command(s):/usr/bin/make cmTC_41dba/fast && /Library/Developer/CommandLineTools/usr/bin/make -f CMakeFiles/cmTC_41dba.dir/build.make CMakeFiles/cmTC_41dba.dir/build
Building C object CMakeFiles/cmTC_41dba.dir/CheckIncludeFile.c.o
/Library/Developer/CommandLineTools/usr/bin/cc   -fno-common -msse -W -Wall -Wpointer-arith -Wmissing-declarations -Wstrict-prototypes  -isysroot /Library/Developer/CommandLineTools/SDKs/MacOSX10.14.sdk   -o CMakeFiles/cmTC_41dba.dir/CheckIncludeFile.c.o   -c /Users/ry/head_first_c_playground/blasteroids/allegro-5.2.5.0/CMakeFiles/CMakeTmp/CheckIncludeFile.c
Linking C executable cmTC_41dba
/usr/local/Cellar/cmake/3.15.2/bin/cmake -E cmake_link_script CMakeFiles/cmTC_41dba.dir/link.txt --verbose=1
/Library/Developer/CommandLineTools/usr/bin/cc  -fno-common -msse -W -Wall -Wpointer-arith -Wmissing-declarations -Wstrict-prototypes  -isysroot /Library/Developer/CommandLineTools/SDKs/MacOSX10.14.sdk -Wl,-search_paths_first -Wl,-headerpad_max_install_names   CMakeFiles/cmTC_41dba.dir/CheckIncludeFile.c.o  -o cmTC_41dba 



Performing C SOURCE FILE Test CMAKE_HAVE_LIBC_PTHREAD succeeded with the following output:
Change Dir: /Users/ry/head_first_c_playground/blasteroids/allegro-5.2.5.0/CMakeFiles/CMakeTmp

Run Build Command(s):/usr/bin/make cmTC_b8e93/fast && /Library/Developer/CommandLineTools/usr/bin/make -f CMakeFiles/cmTC_b8e93.dir/build.make CMakeFiles/cmTC_b8e93.dir/build
Building C object CMakeFiles/cmTC_b8e93.dir/src.c.o
/Library/Developer/CommandLineTools/usr/bin/cc   -fno-common -msse -W -Wall -Wpointer-arith -Wmissing-declarations -Wstrict-prototypes -DCMAKE_HAVE_LIBC_PTHREAD -isysroot /Library/Developer/CommandLineTools/SDKs/MacOSX10.14.sdk   -o CMakeFiles/cmTC_b8e93.dir/src.c.o   -c /Users/ry/head_first_c_playground/blasteroids/allegro-5.2.5.0/CMakeFiles/CMakeTmp/src.c
Linking C executable cmTC_b8e93
/usr/local/Cellar/cmake/3.15.2/bin/cmake -E cmake_link_script CMakeFiles/cmTC_b8e93.dir/link.txt --verbose=1
/Library/Developer/CommandLineTools/usr/bin/cc  -fno-common -msse -W -Wall -Wpointer-arith -Wmissing-declarations -Wstrict-prototypes -DCMAKE_HAVE_LIBC_PTHREAD -isysroot /Library/Developer/CommandLineTools/SDKs/MacOSX10.14.sdk -Wl,-search_paths_first -Wl,-headerpad_max_install_names   CMakeFiles/cmTC_b8e93.dir/src.c.o  -o cmTC_b8e93 


Source file was:
#include <pthread.h>

void* test_func(void* data)
{
  return data;
}

int main(void)
{
  pthread_t thread;
  pthread_create(&thread, NULL, test_func, NULL);
  pthread_detach(thread);
  pthread_join(thread, NULL);
  pthread_atfork(NULL, NULL, NULL);
  pthread_exit(NULL);

  return 0;
}

