Determining if files linux/input.h exist failed with the following output:
Change Dir: /Users/ry/head_first_c_playground/blasteroids/allegro-5.2.5.0/CMakeFiles/CMakeTmp

Run Build Command(s):/usr/bin/make cmTC_0613b/fast && /Library/Developer/CommandLineTools/usr/bin/make -f CMakeFiles/cmTC_0613b.dir/build.make CMakeFiles/cmTC_0613b.dir/build
Building C object CMakeFiles/cmTC_0613b.dir/ALLEGRO_HAVE_LINUX_INPUT_H.c.o
/Library/Developer/CommandLineTools/usr/bin/cc   -fno-common -msse -W -Wall -Wpointer-arith -Wmissing-declarations -Wstrict-prototypes  -isysroot /Library/Developer/CommandLineTools/SDKs/MacOSX10.14.sdk   -o CMakeFiles/cmTC_0613b.dir/ALLEGRO_HAVE_LINUX_INPUT_H.c.o   -c /Users/ry/head_first_c_playground/blasteroids/allegro-5.2.5.0/CMakeFiles/CheckIncludeFiles/ALLEGRO_HAVE_LINUX_INPUT_H.c
/Users/ry/head_first_c_playground/blasteroids/allegro-5.2.5.0/CMakeFiles/CheckIncludeFiles/ALLEGRO_HAVE_LINUX_INPUT_H.c:2:10: fatal error: 'linux/input.h' file not found
#include <linux/input.h>
         ^~~~~~~~~~~~~~~
1 error generated.
make[1]: *** [CMakeFiles/cmTC_0613b.dir/ALLEGRO_HAVE_LINUX_INPUT_H.c.o] Error 1
make: *** [cmTC_0613b/fast] Error 2


Source:
/* */
#include <linux/input.h>


int main(void){return 0;}

Determining if files sys/io.h exist failed with the following output:
Change Dir: /Users/ry/head_first_c_playground/blasteroids/allegro-5.2.5.0/CMakeFiles/CMakeTmp

Run Build Command(s):/usr/bin/make cmTC_e3a00/fast && /Library/Developer/CommandLineTools/usr/bin/make -f CMakeFiles/cmTC_e3a00.dir/build.make CMakeFiles/cmTC_e3a00.dir/build
Building C object CMakeFiles/cmTC_e3a00.dir/ALLEGRO_HAVE_SYS_IO_H.c.o
/Library/Developer/CommandLineTools/usr/bin/cc   -fno-common -msse -W -Wall -Wpointer-arith -Wmissing-declarations -Wstrict-prototypes  -isysroot /Library/Developer/CommandLineTools/SDKs/MacOSX10.14.sdk   -o CMakeFiles/cmTC_e3a00.dir/ALLEGRO_HAVE_SYS_IO_H.c.o   -c /Users/ry/head_first_c_playground/blasteroids/allegro-5.2.5.0/CMakeFiles/CheckIncludeFiles/ALLEGRO_HAVE_SYS_IO_H.c
/Users/ry/head_first_c_playground/blasteroids/allegro-5.2.5.0/CMakeFiles/CheckIncludeFiles/ALLEGRO_HAVE_SYS_IO_H.c:2:10: fatal error: 'sys/io.h' file not found
#include <sys/io.h>
         ^~~~~~~~~~
1 error generated.
make[1]: *** [CMakeFiles/cmTC_e3a00.dir/ALLEGRO_HAVE_SYS_IO_H.c.o] Error 1
make: *** [cmTC_e3a00/fast] Error 2


Source:
/* */
#include <sys/io.h>


int main(void){return 0;}

Determining if files soundcard.h exist failed with the following output:
Change Dir: /Users/ry/head_first_c_playground/blasteroids/allegro-5.2.5.0/CMakeFiles/CMakeTmp

Run Build Command(s):/usr/bin/make cmTC_6acd1/fast && /Library/Developer/CommandLineTools/usr/bin/make -f CMakeFiles/cmTC_6acd1.dir/build.make CMakeFiles/cmTC_6acd1.dir/build
Building C object CMakeFiles/cmTC_6acd1.dir/ALLEGRO_HAVE_SOUNDCARD_H.c.o
/Library/Developer/CommandLineTools/usr/bin/cc   -fno-common -msse -W -Wall -Wpointer-arith -Wmissing-declarations -Wstrict-prototypes  -isysroot /Library/Developer/CommandLineTools/SDKs/MacOSX10.14.sdk   -o CMakeFiles/cmTC_6acd1.dir/ALLEGRO_HAVE_SOUNDCARD_H.c.o   -c /Users/ry/head_first_c_playground/blasteroids/allegro-5.2.5.0/CMakeFiles/CheckIncludeFiles/ALLEGRO_HAVE_SOUNDCARD_H.c
/Users/ry/head_first_c_playground/blasteroids/allegro-5.2.5.0/CMakeFiles/CheckIncludeFiles/ALLEGRO_HAVE_SOUNDCARD_H.c:2:10: fatal error: 'soundcard.h' file not found
#include <soundcard.h>
         ^~~~~~~~~~~~~
1 error generated.
make[1]: *** [CMakeFiles/cmTC_6acd1.dir/ALLEGRO_HAVE_SOUNDCARD_H.c.o] Error 1
make: *** [cmTC_6acd1/fast] Error 2


Source:
/* */
#include <soundcard.h>


int main(void){return 0;}

Determining if files sys/soundcard.h exist failed with the following output:
Change Dir: /Users/ry/head_first_c_playground/blasteroids/allegro-5.2.5.0/CMakeFiles/CMakeTmp

Run Build Command(s):/usr/bin/make cmTC_f6f1f/fast && /Library/Developer/CommandLineTools/usr/bin/make -f CMakeFiles/cmTC_f6f1f.dir/build.make CMakeFiles/cmTC_f6f1f.dir/build
Building C object CMakeFiles/cmTC_f6f1f.dir/ALLEGRO_HAVE_SYS_SOUNDCARD_H.c.o
/Library/Developer/CommandLineTools/usr/bin/cc   -fno-common -msse -W -Wall -Wpointer-arith -Wmissing-declarations -Wstrict-prototypes  -isysroot /Library/Developer/CommandLineTools/SDKs/MacOSX10.14.sdk   -o CMakeFiles/cmTC_f6f1f.dir/ALLEGRO_HAVE_SYS_SOUNDCARD_H.c.o   -c /Users/ry/head_first_c_playground/blasteroids/allegro-5.2.5.0/CMakeFiles/CheckIncludeFiles/ALLEGRO_HAVE_SYS_SOUNDCARD_H.c
/Users/ry/head_first_c_playground/blasteroids/allegro-5.2.5.0/CMakeFiles/CheckIncludeFiles/ALLEGRO_HAVE_SYS_SOUNDCARD_H.c:2:10: fatal error: 'sys/soundcard.h' file not found
#include <sys/soundcard.h>
         ^~~~~~~~~~~~~~~~~
1 error generated.
make[1]: *** [CMakeFiles/cmTC_f6f1f.dir/ALLEGRO_HAVE_SYS_SOUNDCARD_H.c.o] Error 1
make: *** [cmTC_f6f1f/fast] Error 2


Source:
/* */
#include <sys/soundcard.h>


int main(void){return 0;}

Determining if files machine/soundcard.h exist failed with the following output:
Change Dir: /Users/ry/head_first_c_playground/blasteroids/allegro-5.2.5.0/CMakeFiles/CMakeTmp

Run Build Command(s):/usr/bin/make cmTC_82bd9/fast && /Library/Developer/CommandLineTools/usr/bin/make -f CMakeFiles/cmTC_82bd9.dir/build.make CMakeFiles/cmTC_82bd9.dir/build
Building C object CMakeFiles/cmTC_82bd9.dir/ALLEGRO_HAVE_MACHINE_SOUNDCARD_H.c.o
/Library/Developer/CommandLineTools/usr/bin/cc   -fno-common -msse -W -Wall -Wpointer-arith -Wmissing-declarations -Wstrict-prototypes  -isysroot /Library/Developer/CommandLineTools/SDKs/MacOSX10.14.sdk   -o CMakeFiles/cmTC_82bd9.dir/ALLEGRO_HAVE_MACHINE_SOUNDCARD_H.c.o   -c /Users/ry/head_first_c_playground/blasteroids/allegro-5.2.5.0/CMakeFiles/CheckIncludeFiles/ALLEGRO_HAVE_MACHINE_SOUNDCARD_H.c
/Users/ry/head_first_c_playground/blasteroids/allegro-5.2.5.0/CMakeFiles/CheckIncludeFiles/ALLEGRO_HAVE_MACHINE_SOUNDCARD_H.c:2:10: fatal error: 'machine/soundcard.h' file not found
#include <machine/soundcard.h>
         ^~~~~~~~~~~~~~~~~~~~~
1 error generated.
make[1]: *** [CMakeFiles/cmTC_82bd9.dir/ALLEGRO_HAVE_MACHINE_SOUNDCARD_H.c.o] Error 1
make: *** [cmTC_82bd9/fast] Error 2


Source:
/* */
#include <machine/soundcard.h>


int main(void){return 0;}

Determining if files linux/soundcard.h exist failed with the following output:
Change Dir: /Users/ry/head_first_c_playground/blasteroids/allegro-5.2.5.0/CMakeFiles/CMakeTmp

Run Build Command(s):/usr/bin/make cmTC_91984/fast && /Library/Developer/CommandLineTools/usr/bin/make -f CMakeFiles/cmTC_91984.dir/build.make CMakeFiles/cmTC_91984.dir/build
Building C object CMakeFiles/cmTC_91984.dir/ALLEGRO_HAVE_LINUX_SOUNDCARD_H.c.o
/Library/Developer/CommandLineTools/usr/bin/cc   -fno-common -msse -W -Wall -Wpointer-arith -Wmissing-declarations -Wstrict-prototypes  -isysroot /Library/Developer/CommandLineTools/SDKs/MacOSX10.14.sdk   -o CMakeFiles/cmTC_91984.dir/ALLEGRO_HAVE_LINUX_SOUNDCARD_H.c.o   -c /Users/ry/head_first_c_playground/blasteroids/allegro-5.2.5.0/CMakeFiles/CheckIncludeFiles/ALLEGRO_HAVE_LINUX_SOUNDCARD_H.c
/Users/ry/head_first_c_playground/blasteroids/allegro-5.2.5.0/CMakeFiles/CheckIncludeFiles/ALLEGRO_HAVE_LINUX_SOUNDCARD_H.c:2:10: fatal error: 'linux/soundcard.h' file not found
#include <linux/soundcard.h>
         ^~~~~~~~~~~~~~~~~~~
1 error generated.
make[1]: *** [CMakeFiles/cmTC_91984.dir/ALLEGRO_HAVE_LINUX_SOUNDCARD_H.c.o] Error 1
make: *** [cmTC_91984/fast] Error 2


Source:
/* */
#include <linux/soundcard.h>


int main(void){return 0;}

Determining if files sys/inotify.h exist failed with the following output:
Change Dir: /Users/ry/head_first_c_playground/blasteroids/allegro-5.2.5.0/CMakeFiles/CMakeTmp

Run Build Command(s):/usr/bin/make cmTC_49def/fast && /Library/Developer/CommandLineTools/usr/bin/make -f CMakeFiles/cmTC_49def.dir/build.make CMakeFiles/cmTC_49def.dir/build
Building C object CMakeFiles/cmTC_49def.dir/ALLEGRO_HAVE_SYS_INOTIFY_H.c.o
/Library/Developer/CommandLineTools/usr/bin/cc   -fno-common -msse -W -Wall -Wpointer-arith -Wmissing-declarations -Wstrict-prototypes  -isysroot /Library/Developer/CommandLineTools/SDKs/MacOSX10.14.sdk   -o CMakeFiles/cmTC_49def.dir/ALLEGRO_HAVE_SYS_INOTIFY_H.c.o   -c /Users/ry/head_first_c_playground/blasteroids/allegro-5.2.5.0/CMakeFiles/CheckIncludeFiles/ALLEGRO_HAVE_SYS_INOTIFY_H.c
/Users/ry/head_first_c_playground/blasteroids/allegro-5.2.5.0/CMakeFiles/CheckIncludeFiles/ALLEGRO_HAVE_SYS_INOTIFY_H.c:2:10: fatal error: 'sys/inotify.h' file not found
#include <sys/inotify.h>
         ^~~~~~~~~~~~~~~
1 error generated.
make[1]: *** [CMakeFiles/cmTC_49def.dir/ALLEGRO_HAVE_SYS_INOTIFY_H.c.o] Error 1
make: *** [cmTC_49def/fast] Error 2


Source:
/* */
#include <sys/inotify.h>


int main(void){return 0;}

Determining if files sal.h exist failed with the following output:
Change Dir: /Users/ry/head_first_c_playground/blasteroids/allegro-5.2.5.0/CMakeFiles/CMakeTmp

Run Build Command(s):/usr/bin/make cmTC_46dfa/fast && /Library/Developer/CommandLineTools/usr/bin/make -f CMakeFiles/cmTC_46dfa.dir/build.make CMakeFiles/cmTC_46dfa.dir/build
Building C object CMakeFiles/cmTC_46dfa.dir/ALLEGRO_HAVE_SAL_H.c.o
/Library/Developer/CommandLineTools/usr/bin/cc   -fno-common -msse -W -Wall -Wpointer-arith -Wmissing-declarations -Wstrict-prototypes  -isysroot /Library/Developer/CommandLineTools/SDKs/MacOSX10.14.sdk   -o CMakeFiles/cmTC_46dfa.dir/ALLEGRO_HAVE_SAL_H.c.o   -c /Users/ry/head_first_c_playground/blasteroids/allegro-5.2.5.0/CMakeFiles/CheckIncludeFiles/ALLEGRO_HAVE_SAL_H.c
/Users/ry/head_first_c_playground/blasteroids/allegro-5.2.5.0/CMakeFiles/CheckIncludeFiles/ALLEGRO_HAVE_SAL_H.c:2:10: fatal error: 'sal.h' file not found
#include <sal.h>
         ^~~~~~~
1 error generated.
make[1]: *** [CMakeFiles/cmTC_46dfa.dir/ALLEGRO_HAVE_SAL_H.c.o] Error 1
make: *** [cmTC_46dfa/fast] Error 2


Source:
/* */
#include <sal.h>


int main(void){return 0;}

Determining if the function getexecname exists failed with the following output:
Change Dir: /Users/ry/head_first_c_playground/blasteroids/allegro-5.2.5.0/CMakeFiles/CMakeTmp

Run Build Command(s):/usr/bin/make cmTC_4d75c/fast && /Library/Developer/CommandLineTools/usr/bin/make -f CMakeFiles/cmTC_4d75c.dir/build.make CMakeFiles/cmTC_4d75c.dir/build
Building C object CMakeFiles/cmTC_4d75c.dir/CheckFunctionExists.c.o
/Library/Developer/CommandLineTools/usr/bin/cc   -fno-common -msse -W -Wall -Wpointer-arith -Wmissing-declarations -Wstrict-prototypes -DCHECK_FUNCTION_EXISTS=getexecname -isysroot /Library/Developer/CommandLineTools/SDKs/MacOSX10.14.sdk   -o CMakeFiles/cmTC_4d75c.dir/CheckFunctionExists.c.o   -c /usr/local/Cellar/cmake/3.15.2/share/cmake/Modules/CheckFunctionExists.c
Linking C executable cmTC_4d75c
/usr/local/Cellar/cmake/3.15.2/bin/cmake -E cmake_link_script CMakeFiles/cmTC_4d75c.dir/link.txt --verbose=1
/Library/Developer/CommandLineTools/usr/bin/cc  -fno-common -msse -W -Wall -Wpointer-arith -Wmissing-declarations -Wstrict-prototypes -DCHECK_FUNCTION_EXISTS=getexecname -isysroot /Library/Developer/CommandLineTools/SDKs/MacOSX10.14.sdk -Wl,-search_paths_first -Wl,-headerpad_max_install_names   CMakeFiles/cmTC_4d75c.dir/CheckFunctionExists.c.o  -o cmTC_4d75c 
Undefined symbols for architecture x86_64:
  "_getexecname", referenced from:
      _main in CheckFunctionExists.c.o
ld: symbol(s) not found for architecture x86_64
clang: error: linker command failed with exit code 1 (use -v to see invocation)
make[1]: *** [cmTC_4d75c] Error 1
make: *** [cmTC_4d75c/fast] Error 2



Determining if the function strerror_s exists failed with the following output:
Change Dir: /Users/ry/head_first_c_playground/blasteroids/allegro-5.2.5.0/CMakeFiles/CMakeTmp

Run Build Command(s):/usr/bin/make cmTC_56db3/fast && /Library/Developer/CommandLineTools/usr/bin/make -f CMakeFiles/cmTC_56db3.dir/build.make CMakeFiles/cmTC_56db3.dir/build
Building C object CMakeFiles/cmTC_56db3.dir/CheckFunctionExists.c.o
/Library/Developer/CommandLineTools/usr/bin/cc   -fno-common -msse -W -Wall -Wpointer-arith -Wmissing-declarations -Wstrict-prototypes -DCHECK_FUNCTION_EXISTS=strerror_s -isysroot /Library/Developer/CommandLineTools/SDKs/MacOSX10.14.sdk   -o CMakeFiles/cmTC_56db3.dir/CheckFunctionExists.c.o   -c /usr/local/Cellar/cmake/3.15.2/share/cmake/Modules/CheckFunctionExists.c
Linking C executable cmTC_56db3
/usr/local/Cellar/cmake/3.15.2/bin/cmake -E cmake_link_script CMakeFiles/cmTC_56db3.dir/link.txt --verbose=1
/Library/Developer/CommandLineTools/usr/bin/cc  -fno-common -msse -W -Wall -Wpointer-arith -Wmissing-declarations -Wstrict-prototypes -DCHECK_FUNCTION_EXISTS=strerror_s -isysroot /Library/Developer/CommandLineTools/SDKs/MacOSX10.14.sdk -Wl,-search_paths_first -Wl,-headerpad_max_install_names   CMakeFiles/cmTC_56db3.dir/CheckFunctionExists.c.o  -o cmTC_56db3 
Undefined symbols for architecture x86_64:
  "_strerror_s", referenced from:
      _main in CheckFunctionExists.c.o
ld: symbol(s) not found for architecture x86_64
clang: error: linker command failed with exit code 1 (use -v to see invocation)
make[1]: *** [cmTC_56db3] Error 1
make: *** [cmTC_56db3/fast] Error 2



Performing C SOURCE FILE Test ALLEGRO_HAVE_PROCFS_ARGCV failed with the following output:
Change Dir: /Users/ry/head_first_c_playground/blasteroids/allegro-5.2.5.0/CMakeFiles/CMakeTmp

Run Build Command(s):/usr/bin/make cmTC_ce7a1/fast && /Library/Developer/CommandLineTools/usr/bin/make -f CMakeFiles/cmTC_ce7a1.dir/build.make CMakeFiles/cmTC_ce7a1.dir/build
Building C object CMakeFiles/cmTC_ce7a1.dir/src.c.o
/Library/Developer/CommandLineTools/usr/bin/cc   -fno-common -msse -W -Wall -Wpointer-arith -Wmissing-declarations -Wstrict-prototypes -DALLEGRO_HAVE_PROCFS_ARGCV -isysroot /Library/Developer/CommandLineTools/SDKs/MacOSX10.14.sdk   -o CMakeFiles/cmTC_ce7a1.dir/src.c.o   -c /Users/ry/head_first_c_playground/blasteroids/allegro-5.2.5.0/CMakeFiles/CMakeTmp/src.c
/Users/ry/head_first_c_playground/blasteroids/allegro-5.2.5.0/CMakeFiles/CMakeTmp/src.c:2:14: fatal error: 'sys/procfs.h' file not found
    #include <sys/procfs.h>
             ^~~~~~~~~~~~~~
1 error generated.
make[1]: *** [CMakeFiles/cmTC_ce7a1.dir/src.c.o] Error 1
make: *** [cmTC_ce7a1/fast] Error 2


Source file was:

    #include <sys/procfs.h>
    int main(void) {
        struct prpsinfo psinfo;
        psinfo.pr_argc = 0;
        return 0;
    }
Performing C SOURCE FILE Test ALLEGRO_HAVE_SV_PROCFS_H failed with the following output:
Change Dir: /Users/ry/head_first_c_playground/blasteroids/allegro-5.2.5.0/CMakeFiles/CMakeTmp

Run Build Command(s):/usr/bin/make cmTC_1f39e/fast && /Library/Developer/CommandLineTools/usr/bin/make -f CMakeFiles/cmTC_1f39e.dir/build.make CMakeFiles/cmTC_1f39e.dir/build
Building C object CMakeFiles/cmTC_1f39e.dir/src.c.o
/Library/Developer/CommandLineTools/usr/bin/cc   -fno-common -msse -W -Wall -Wpointer-arith -Wmissing-declarations -Wstrict-prototypes -DALLEGRO_HAVE_SV_PROCFS_H -isysroot /Library/Developer/CommandLineTools/SDKs/MacOSX10.14.sdk   -o CMakeFiles/cmTC_1f39e.dir/src.c.o   -c /Users/ry/head_first_c_playground/blasteroids/allegro-5.2.5.0/CMakeFiles/CMakeTmp/src.c
/Users/ry/head_first_c_playground/blasteroids/allegro-5.2.5.0/CMakeFiles/CMakeTmp/src.c:2:14: fatal error: 'sys/procfs.h' file not found
    #include <sys/procfs.h>
             ^~~~~~~~~~~~~~
1 error generated.
make[1]: *** [CMakeFiles/cmTC_1f39e.dir/src.c.o] Error 1
make: *** [cmTC_1f39e/fast] Error 2


Source file was:

    #include <sys/procfs.h>
    #include <sys/ioctl.h>
    int main(void) {
        struct prpsinfo psinfo;
        ioctl(0, PIOCPSINFO, &psinfo);
        return 0;
    }
